#
# A fatal error has been detected by the Java Runtime Environment:
#
#  Internal Error (generateOopMap.cpp:2159), pid=59889, tid=32515
#  fatal error: Illegal class file encountered. Try running with -Xverify:all in method downloadCsv
#
# JRE version: OpenJDK Runtime Environment Temurin-17.0.5+8 (17.0.5+8) (build 17.0.5+8)
# Java VM: OpenJDK 64-Bit Server VM Temurin-17.0.5+8 (17.0.5+8, mixed mode, emulated-client, tiered, compressed oops, compressed class ptrs, g1 gc, bsd-amd64)
# No core dump will be written. Core dumps have been disabled. To enable core dumping, try "ulimit -c unlimited" before starting Java again
#
# If you would like to submit a bug report, please visit:
#   https://github.com/adoptium/adoptium-support/issues
#

---------------  S U M M A R Y ------------

Command Line: -XX:+ShowCodeDetailsInExceptionMessages -agentlib:jdwp=transport=dt_socket,suspend=y,address=localhost:50552 -Dcom.sun.management.jmxremote -Dcom.sun.management.jmxremote.port=50551 -Dcom.sun.management.jmxremote.authenticate=false -Dcom.sun.management.jmxremote.ssl=false -Djava.rmi.server.hostname=localhost -Dspring.jmx.enabled=true -Dmanagement.endpoints.jmx.exposure.include=* -Dspring.application.admin.enabled=true -Djava.security.egd=file:/dev/./urandom -XX:TieredStopAtLevel=1 -Dspring.boot.project.name=WorkApp -javaagent:/Applications/SpringToolSuite4.app/Contents/Eclipse/configuration/org.eclipse.osgi/259/0/.cp/lib/javaagent-shaded.jar -Dfile.encoding=UTF-8 com.example.WorkAppApplication --spring.output.ansi.enabled=always

Host: "MacBookPro17,1" x86_64 (EMULATED) 2400 MHz, 8 cores, 16G, Darwin 22.4.0, macOS 10.16 (22E261)
Time: Thu Jun 22 22:19:42 2023 JST elapsed time: 176.897730 seconds (0d 0h 2m 56s)

---------------  T H R E A D  ---------------

Current thread (0x00007ff62910dc10):  VMThread "VM Thread" [stack: 0x000000030a8d1000,0x000000030a9d1000] [id=32515]

Stack: [0x000000030a8d1000,0x000000030a9d1000],  sp=0x000000030a9cec20,  free space=1015k
Native frames: (J=compiled Java code, j=interpreted, Vv=VM code, C=native code)
V  [libjvm.dylib+0xb1c025]  VMError::report_and_die(int, char const*, char const*, __va_list_tag*, Thread*, unsigned char*, void*, void*, char const*, int, unsigned long)+0x6c5
V  [libjvm.dylib+0x362eeb]  report_fatal(VMErrorType, char const*, int, char const*, ...)+0xbb
V  [libjvm.dylib+0x4a09f9]  GenerateOopMap::error_work(char const*, __va_list_tag*)+0xf9
V  [libjvm.dylib+0x498559]  GenerateOopMap::report_error(char const*, ...)+0x89
V  [libjvm.dylib+0x49a42f]  GenerateOopMap::interp_bb(BasicBlock*)+0xdf
V  [libjvm.dylib+0x499be9]  GenerateOopMap::do_interpretation()+0x99
V  [libjvm.dylib+0x4a07b3]  GenerateOopMap::compute_map(Thread*)+0x1f3
V  [libjvm.dylib+0x8a2553]  OopMapForCacheEntry::compute_map(Thread*)+0x53
V  [libjvm.dylib+0x8a3399]  OopMapCacheEntry::fill(methodHandle const&, int)+0xc9
V  [libjvm.dylib+0x8a45fb]  OopMapCache::compute_one_oop_map(methodHandle const&, int, InterpreterOopMap*)+0x6b
V  [libjvm.dylib+0x84ffe6]  Method::mask_for(int, InterpreterOopMap*)+0x96
V  [libjvm.dylib+0xb0d77d]  interpretedVFrame::stack_data(bool) const+0x4d
V  [libjvm.dylib+0x6e8ce3]  VM_GetOrSetLocal::doit()+0x183
V  [libjvm.dylib+0xb21b06]  VM_Operation::evaluate()+0xd6
V  [libjvm.dylib+0xb270a7]  VMThread::evaluate_operation(VM_Operation*)+0x157
V  [libjvm.dylib+0xb279c2]  VMThread::inner_execute(VM_Operation*)+0x1f2
V  [libjvm.dylib+0xb26cec]  VMThread::run()+0xbc
V  [libjvm.dylib+0xaa241f]  Thread::call_run()+0xcf
V  [libjvm.dylib+0x8af1eb]  thread_native_entry(Thread*)+0x14b
C  [libsystem_pthread.dylib+0x61d3]  _pthread_start+0x7d
C  [libsystem_pthread.dylib+0x1bd3]  thread_start+0xf

VM_Operation (0x000000030b484a68): get/set locals, mode: safepoint, requested by thread 0x00007ff629901000


---------------  P R O C E S S  ---------------

Threads class SMR info:
_java_thread_list=0x000060000227ea80, length=32, elements={
0x00007ff62000d400, 0x00007ff62000e200, 0x00007ff6298ffe00, 0x00007ff629900400,
0x00007ff629900a00, 0x00007ff620012600, 0x00007ff620012c00, 0x00007ff628008c00,
0x00007ff629901000, 0x00007ff6298fae00, 0x00007ff628009200, 0x00007ff6200f5a00,
0x00007ff6200ffc00, 0x00007ff629ad2200, 0x00007ff620100200, 0x00007ff628815600,
0x00007ff629ad1c00, 0x00007ff62031e000, 0x00007ff629e37000, 0x00007ff629ae5000,
0x00007ff62001ce00, 0x00007ff629c6c400, 0x00007ff629b80a00, 0x00007ff62853be00,
0x00007ff629beba00, 0x00007ff628326600, 0x00007ff6281bd600, 0x00007ff62854ca00,
0x00007ff628575a00, 0x00007ff629b7d600, 0x00007ff6288c1200, 0x00007ff628483a00
}

Java Threads: ( => current thread )
  0x00007ff62000d400 JavaThread "Reference Handler" daemon [_thread_blocked, id=32327, stack(0x000000030a9d4000,0x000000030aad4000)]
  0x00007ff62000e200 JavaThread "Finalizer" daemon [_thread_blocked, id=22787, stack(0x000000030aad7000,0x000000030abd7000)]
  0x00007ff6298ffe00 JavaThread "Signal Dispatcher" daemon [_thread_blocked, id=29187, stack(0x000000030ad73000,0x000000030ae73000)]
  0x00007ff629900400 JavaThread "Service Thread" daemon [_thread_blocked, id=24835, stack(0x000000030ae76000,0x000000030af76000)]
  0x00007ff629900a00 JavaThread "Monitor Deflation Thread" daemon [_thread_blocked, id=25347, stack(0x000000030af79000,0x000000030b079000)]
  0x00007ff620012600 JavaThread "C1 CompilerThread0" daemon [_thread_blocked, id=25859, stack(0x000000030b07c000,0x000000030b17c000)]
  0x00007ff620012c00 JavaThread "Sweeper thread" daemon [_thread_blocked, id=26115, stack(0x000000030b17f000,0x000000030b27f000)]
  0x00007ff628008c00 JavaThread "Common-Cleaner" daemon [_thread_blocked, id=28407, stack(0x000000030b282000,0x000000030b382000)]
  0x00007ff629901000 JavaThread "JDWP Transport Listener: dt_socket" daemon [_thread_blocked, id=26899, stack(0x000000030b385000,0x000000030b485000)]
  0x00007ff6298fae00 JavaThread "JDWP Event Helper Thread" daemon [_thread_blocked, id=32771, stack(0x000000030b488000,0x000000030b588000)]
  0x00007ff628009200 JavaThread "JDWP Command Reader" daemon [_thread_blocked, id=43011, stack(0x000000030b58b000,0x000000030b68b000)]
  0x00007ff6200f5a00 JavaThread "Notification Thread" daemon [_thread_blocked, id=42179, stack(0x000000030b791000,0x000000030b891000)]
  0x00007ff6200ffc00 JavaThread "RMI TCP Accept-0" daemon [_thread_in_native, id=34083, stack(0x000000030b894000,0x000000030b994000)]
  0x00007ff629ad2200 JavaThread "RMI TCP Accept-50551" daemon [_thread_in_native, id=34439, stack(0x000000030b997000,0x000000030ba97000)]
  0x00007ff620100200 JavaThread "RMI TCP Accept-0" daemon [_thread_in_native, id=34875, stack(0x000000030ba9a000,0x000000030bb9a000)]
  0x00007ff628815600 JavaThread "RMI Scheduler(0)" daemon [_thread_blocked, id=45571, stack(0x000000030c6be000,0x000000030c7be000)]
  0x00007ff629ad1c00 JavaThread "JMX server connection timeout 26" daemon [_thread_blocked, id=62951, stack(0x000000030c8c4000,0x000000030c9c4000)]
  0x00007ff62031e000 JavaThread "mysql-cj-abandoned-connection-cleanup" daemon [_thread_blocked, id=59039, stack(0x000000030ced6000,0x000000030cfd6000)]
  0x00007ff629e37000 JavaThread "Live Reload Server" daemon [_thread_in_native, id=49715, stack(0x000000030d0dc000,0x000000030d1dc000)]
  0x00007ff629ae5000 JavaThread "DestroyJavaVM" [_thread_blocked, id=16131, stack(0x000000030a2bf000,0x000000030a3bf000)]
  0x00007ff62001ce00 JavaThread "RMI TCP Connection(12)-127.0.0.1" daemon [_thread_in_native, id=58279, stack(0x000000030d5eb000,0x000000030d6eb000)]
  0x00007ff629c6c400 JavaThread "Catalina-utility-1" [_thread_blocked, id=87043, stack(0x000000030b68e000,0x000000030b78e000)]
  0x00007ff629b80a00 JavaThread "Catalina-utility-2" [_thread_blocked, id=85287, stack(0x000000030c5bb000,0x000000030c6bb000)]
  0x00007ff62853be00 JavaThread "container-0" [_thread_blocked, id=67335, stack(0x000000030c7c1000,0x000000030c8c1000)]
  0x00007ff629beba00 JavaThread "http-nio-8080-Poller" daemon [_thread_in_native, id=51319, stack(0x000000030cbcd000,0x000000030cccd000)]
  0x00007ff628326600 JavaThread "RMI TCP Connection(13)-127.0.0.1" daemon [_thread_in_native, id=53795, stack(0x000000030abda000,0x000000030acda000)]
  0x00007ff6281bd600 JavaThread "RMI TCP Connection(14)-127.0.0.1" daemon [_thread_in_native, id=33583, stack(0x000000030c4b8000,0x000000030c5b8000)]
  0x00007ff62854ca00 JavaThread "RMI TCP Connection(15)-127.0.0.1" daemon [_thread_in_native, id=47923, stack(0x000000030cdd3000,0x000000030ced3000)]
  0x00007ff628575a00 JavaThread "http-nio-8080-exec-1" daemon [_thread_blocked, id=55319, stack(0x000000030cfd9000,0x000000030d0d9000)]
  0x00007ff629b7d600 JavaThread "HikariPool-2 housekeeper" daemon [_thread_blocked, id=50707, stack(0x000000030d1df000,0x000000030d2df000)]
  0x00007ff6288c1200 JavaThread "Thread-7" [_thread_blocked, id=60787, stack(0x000000030d2e2000,0x000000030d3e2000)]
  0x00007ff628483a00 JavaThread "HikariPool-2 connection adder" daemon [_thread_blocked, id=56839, stack(0x000000030c9c7000,0x000000030cac7000)]

Other Threads:
=>0x00007ff62910dc10 VMThread "VM Thread" [stack: 0x000000030a8d1000,0x000000030a9d1000] [id=32515]
  0x00007ff62912a8f0 WatcherThread [stack: 0x000000030bb9d000,0x000000030bc9d000] [id=35075]
  0x00007ff629107280 GCTaskThread "GC Thread#0" [stack: 0x000000030a3c2000,0x000000030a4c2000] [id=16899]
  0x00007ff627f15b20 GCTaskThread "GC Thread#1" [stack: 0x000000030bca0000,0x000000030bda0000] [id=35843]
  0x00007ff627f15dc0 GCTaskThread "GC Thread#2" [stack: 0x000000030bda3000,0x000000030bea3000] [id=36099]
  0x00007ff627f16230 GCTaskThread "GC Thread#3" [stack: 0x000000030bea6000,0x000000030bfa6000] [id=36355]
  0x00007ff627f166a0 GCTaskThread "GC Thread#4" [stack: 0x000000030bfa9000,0x000000030c0a9000] [id=39171]
  0x00007ff62923c080 GCTaskThread "GC Thread#5" [stack: 0x000000030c0ac000,0x000000030c1ac000] [id=38659]
  0x00007ff62923d320 GCTaskThread "GC Thread#6" [stack: 0x000000030c1af000,0x000000030c2af000] [id=43631]
  0x00007ff62923db80 GCTaskThread "GC Thread#7" [stack: 0x000000030c2b2000,0x000000030c3b2000] [id=44035]
  0x00007ff629107920 ConcurrentGCThread "G1 Main Marker" [stack: 0x000000030a4c5000,0x000000030a5c5000] [id=17411]
  0x00007ff6291081a0 ConcurrentGCThread "G1 Conc#0" [stack: 0x000000030a5c8000,0x000000030a6c8000] [id=18179]
  0x00007ff629141cd0 ConcurrentGCThread "G1 Conc#1" [stack: 0x000000030caca000,0x000000030cbca000] [id=61443]
  0x00007ff62910aa00 ConcurrentGCThread "G1 Refine#0" [stack: 0x000000030a6cb000,0x000000030a7cb000] [id=20995]
  0x00007ff627f16f00 ConcurrentGCThread "G1 Refine#1" [stack: 0x000000030c3b5000,0x000000030c4b5000] [id=65027]
  0x00007ff62901af40 ConcurrentGCThread "G1 Refine#2" [stack: 0x000000030de03000,0x000000030df03000] [id=66307]
  0x00007ff607f062f0 ConcurrentGCThread "G1 Refine#3" [stack: 0x000000030df06000,0x000000030e006000] [id=66819]
  0x00007ff62910b290 ConcurrentGCThread "G1 Service" [stack: 0x000000030a7ce000,0x000000030a8ce000] [id=20483]

Threads with active compile tasks:

VM state: at safepoint (normal execution)

VM Mutex/Monitor currently owned by a thread:  ([mutex/lock_event])
[0x0000600000ae9b80] Threads_lock - owner thread: 0x00007ff62910dc10

Heap address: 0x0000000700000000, size: 4096 MB, Compressed Oops mode: Zero based, Oop shift amount: 3

CDS archive(s) not mapped
Compressed class space mapped at: 0x0000000800000000-0x0000000840000000, reserved size: 1073741824
Narrow klass base: 0x0000000800000000, Narrow klass shift: 0, Narrow klass range: 0x40000000

GC Precious Log:
 CPUs: 8 total, 8 available
 Memory: 16384M
 Large Page Support: Disabled
 NUMA Support: Disabled
 Compressed Oops: Enabled (Zero based)
 Heap Region Size: 2M
 Heap Min Capacity: 8M
 Heap Initial Capacity: 256M
 Heap Max Capacity: 4G
 Pre-touch: Disabled
 Parallel Workers: 8
 Concurrent Workers: 2
 Concurrent Refinement Workers: 8
 Periodic GC: Disabled

Heap:
 garbage-first heap   total 102400K, used 61245K [0x0000000700000000, 0x0000000800000000)
  region size 2048K, 11 young (22528K), 3 survivors (6144K)
 Metaspace       used 66410K, committed 67072K, reserved 1114112K
  class space    used 8363K, committed 8704K, reserved 1048576K

Heap Regions: E=young(eden), S=young(survivor), O=old, HS=humongous(starts), HC=humongous(continues), CS=collection set, F=free, OA=open archive, CA=closed archive, TAMS=top-at-mark-start (previous, next)
|   0|0x0000000700000000, 0x0000000700200000, 0x0000000700200000|100%| O|  |TAMS 0x0000000700200000, 0x0000000700000000| Untracked 
|   1|0x0000000700200000, 0x0000000700400000, 0x0000000700400000|100%| O|  |TAMS 0x0000000700400000, 0x0000000700200000| Untracked 
|   2|0x0000000700400000, 0x00000007005fffe0, 0x0000000700600000| 99%| O|  |TAMS 0x0000000700400000, 0x0000000700400000| Untracked 
|   3|0x0000000700600000, 0x00000007007ff518, 0x0000000700800000| 99%| O|  |TAMS 0x0000000700600000, 0x0000000700600000| Untracked 
|   4|0x0000000700800000, 0x00000007009ffcd0, 0x0000000700a00000| 99%| O|  |TAMS 0x0000000700800000, 0x0000000700800000| Untracked 
|   5|0x0000000700a00000, 0x0000000700c00000, 0x0000000700c00000|100%| O|  |TAMS 0x0000000700a00000, 0x0000000700a00000| Untracked 
|   6|0x0000000700c00000, 0x0000000700dfffe8, 0x0000000700e00000| 99%| O|  |TAMS 0x0000000700c00000, 0x0000000700c00000| Untracked 
|   7|0x0000000700e00000, 0x0000000700fffff0, 0x0000000701000000| 99%| O|  |TAMS 0x0000000700e00000, 0x0000000700e00000| Untracked 
|   8|0x0000000701000000, 0x000000070109cef0, 0x0000000701200000| 30%| O|  |TAMS 0x0000000701000000, 0x0000000701000000| Untracked 
|   9|0x0000000701200000, 0x00000007013ff518, 0x0000000701400000| 99%| O|  |TAMS 0x0000000701200000, 0x0000000701200000| Untracked 
|  10|0x0000000701400000, 0x00000007015ffae8, 0x0000000701600000| 99%| O|  |TAMS 0x0000000701400000, 0x0000000701400000| Untracked 
|  11|0x0000000701600000, 0x0000000701800000, 0x0000000701800000|100%| O|  |TAMS 0x0000000701600000, 0x0000000701600000| Untracked 
|  12|0x0000000701800000, 0x000000070197d9d0, 0x0000000701a00000| 74%| O|  |TAMS 0x0000000701800000, 0x0000000701800000| Untracked 
|  13|0x0000000701a00000, 0x0000000701bf8f28, 0x0000000701c00000| 98%| O|  |TAMS 0x0000000701a00000, 0x0000000701a00000| Untracked 
|  14|0x0000000701c00000, 0x0000000701e00000, 0x0000000701e00000|100%| O|  |TAMS 0x0000000701c00000, 0x0000000701c00000| Untracked 
|  15|0x0000000701e00000, 0x0000000702000000, 0x0000000702000000|100%| O|  |TAMS 0x0000000701e00000, 0x0000000701e00000| Untracked 
|  16|0x0000000702000000, 0x0000000702200000, 0x0000000702200000|100%| O|  |TAMS 0x0000000702000000, 0x0000000702000000| Untracked 
|  17|0x0000000702200000, 0x0000000702383d50, 0x0000000702400000| 75%| O|  |TAMS 0x0000000702200000, 0x0000000702200000| Untracked 
|  18|0x0000000702400000, 0x0000000702508908, 0x0000000702600000| 51%| O|  |TAMS 0x0000000702400000, 0x0000000702400000| Untracked 
|  19|0x0000000702600000, 0x0000000702800000, 0x0000000702800000|100%| O|  |TAMS 0x0000000702600000, 0x0000000702600000| Untracked 
|  20|0x0000000702800000, 0x0000000702a00000, 0x0000000702a00000|100%| O|  |TAMS 0x0000000702800000, 0x0000000702800000| Untracked 
|  21|0x0000000702a00000, 0x0000000702a00000, 0x0000000702c00000|  0%| F|  |TAMS 0x0000000702a00000, 0x0000000702a00000| Untracked 
|  22|0x0000000702c00000, 0x0000000702c00000, 0x0000000702e00000|  0%| F|  |TAMS 0x0000000702c00000, 0x0000000702c00000| Untracked 
|  23|0x0000000702e00000, 0x0000000702e00000, 0x0000000703000000|  0%| F|  |TAMS 0x0000000702e00000, 0x0000000702e00000| Untracked 
|  24|0x0000000703000000, 0x0000000703131600, 0x0000000703200000| 59%| O|  |TAMS 0x0000000703000000, 0x0000000703000000| Untracked 
|  25|0x0000000703200000, 0x0000000703200000, 0x0000000703400000|  0%| F|  |TAMS 0x0000000703200000, 0x0000000703200000| Untracked 
|  26|0x0000000703400000, 0x0000000703400000, 0x0000000703600000|  0%| F|  |TAMS 0x0000000703400000, 0x0000000703400000| Untracked 
|  27|0x0000000703600000, 0x0000000703600000, 0x0000000703800000|  0%| F|  |TAMS 0x0000000703600000, 0x0000000703600000| Untracked 
|  28|0x0000000703800000, 0x0000000703a00000, 0x0000000703a00000|100%| S|CS|TAMS 0x0000000703800000, 0x0000000703800000| Complete 
|  29|0x0000000703a00000, 0x0000000703c00000, 0x0000000703c00000|100%| S|CS|TAMS 0x0000000703a00000, 0x0000000703a00000| Complete 
|  30|0x0000000703c00000, 0x0000000703e00000, 0x0000000703e00000|100%| S|CS|TAMS 0x0000000703c00000, 0x0000000703c00000| Complete 
|  31|0x0000000703e00000, 0x0000000703e00000, 0x0000000704000000|  0%| F|  |TAMS 0x0000000703e00000, 0x0000000703e00000| Untracked 
|  32|0x0000000704000000, 0x0000000704000000, 0x0000000704200000|  0%| F|  |TAMS 0x0000000704000000, 0x0000000704000000| Untracked 
|  33|0x0000000704200000, 0x0000000704200000, 0x0000000704400000|  0%| F|  |TAMS 0x0000000704200000, 0x0000000704200000| Untracked 
|  34|0x0000000704400000, 0x0000000704400000, 0x0000000704600000|  0%| F|  |TAMS 0x0000000704400000, 0x0000000704400000| Untracked 
|  35|0x0000000704600000, 0x0000000704600000, 0x0000000704800000|  0%| F|  |TAMS 0x0000000704600000, 0x0000000704600000| Untracked 
|  36|0x0000000704800000, 0x0000000704800000, 0x0000000704a00000|  0%| F|  |TAMS 0x0000000704800000, 0x0000000704800000| Untracked 
|  37|0x0000000704a00000, 0x0000000704a00000, 0x0000000704c00000|  0%| F|  |TAMS 0x0000000704a00000, 0x0000000704a00000| Untracked 
|  38|0x0000000704c00000, 0x0000000704c00000, 0x0000000704e00000|  0%| F|  |TAMS 0x0000000704c00000, 0x0000000704c00000| Untracked 
|  39|0x0000000704e00000, 0x0000000704e00000, 0x0000000705000000|  0%| F|  |TAMS 0x0000000704e00000, 0x0000000704e00000| Untracked 
|  40|0x0000000705000000, 0x0000000705000000, 0x0000000705200000|  0%| F|  |TAMS 0x0000000705000000, 0x0000000705000000| Untracked 
|  41|0x0000000705200000, 0x0000000705200000, 0x0000000705400000|  0%| F|  |TAMS 0x0000000705200000, 0x0000000705200000| Untracked 
|  42|0x0000000705400000, 0x000000070544e3e8, 0x0000000705600000| 15%| E|  |TAMS 0x0000000705400000, 0x0000000705400000| Complete 
|  43|0x0000000705600000, 0x0000000705800000, 0x0000000705800000|100%| E|CS|TAMS 0x0000000705600000, 0x0000000705600000| Complete 
|  44|0x0000000705800000, 0x0000000705a00000, 0x0000000705a00000|100%| E|CS|TAMS 0x0000000705800000, 0x0000000705800000| Complete 
|  45|0x0000000705a00000, 0x0000000705c00000, 0x0000000705c00000|100%| E|CS|TAMS 0x0000000705a00000, 0x0000000705a00000| Complete 
|  46|0x0000000705c00000, 0x0000000705e00000, 0x0000000705e00000|100%| E|CS|TAMS 0x0000000705c00000, 0x0000000705c00000| Complete 
|  47|0x0000000705e00000, 0x0000000706000000, 0x0000000706000000|100%| E|CS|TAMS 0x0000000705e00000, 0x0000000705e00000| Complete 
|  48|0x0000000706000000, 0x0000000706200000, 0x0000000706200000|100%| E|CS|TAMS 0x0000000706000000, 0x0000000706000000| Complete 
|  49|0x0000000706200000, 0x0000000706400000, 0x0000000706400000|100%| E|CS|TAMS 0x0000000706200000, 0x0000000706200000| Complete 

Card table byte_map: [0x0000000115836000,0x0000000116036000] _byte_map_base: 0x0000000112036000

Marking Bits (Prev, Next): (CMBitMap*) 0x00007ff629836a10, (CMBitMap*) 0x00007ff629836a50
 Prev Bits: [0x0000000116836000, 0x000000011a836000)
 Next Bits: [0x000000011a836000, 0x000000011e836000)

Polling page: 0x0000000102fe4000

Metaspace:

Usage:
  Non-class:     56.69 MB used.
      Class:      8.17 MB used.
       Both:     64.85 MB used.

Virtual space:
  Non-class space:       64.00 MB reserved,      57.00 MB ( 89%) committed,  8 nodes.
      Class space:        1.00 GB reserved,       8.50 MB ( <1%) committed,  1 nodes.
             Both:        1.06 GB reserved,      65.50 MB (  6%) committed. 

Chunk freelists:
   Non-Class:  2.95 MB
       Class:  3.41 MB
        Both:  6.36 MB

MaxMetaspaceSize: unlimited
CompressedClassSpaceSize: 1.00 GB
Initial GC threshold: 21.00 MB
Current GC threshold: 108.56 MB
CDS: off
MetaspaceReclaimPolicy: balanced
 - commit_granule_bytes: 65536.
 - commit_granule_words: 8192.
 - virtual_space_node_default_size: 1048576.
 - enlarge_chunks_in_place: 1.
 - new_chunks_are_fully_committed: 0.
 - uncommit_free_chunks: 1.
 - use_allocation_guard: 0.
 - handle_deallocations: 1.


Internal statistics:

num_allocs_failed_limit: 9.
num_arena_births: 936.
num_arena_deaths: 0.
num_vsnodes_births: 9.
num_vsnodes_deaths: 0.
num_space_committed: 1048.
num_space_uncommitted: 0.
num_chunks_returned_to_freelist: 9.
num_chunks_taken_from_freelist: 2940.
num_chunk_merges: 9.
num_chunk_splits: 1958.
num_chunks_enlarged: 1344.
num_purges: 0.
num_inconsistent_stats: 0.

CodeCache: size=49152Kb used=16752Kb max_used=16752Kb free=32399Kb
 bounds [0x0000000112836000, 0x0000000113896000, 0x0000000115836000]
 total_blobs=8701 nmethods=7818 adapters=812
 compilation: enabled
              stopped_count=0, restarted_count=0
 full_count=0

Compilation events (20 events):
Event: 176.820 Thread 0x00007ff620012600 7810       1       sun.security.ssl.HandshakeOutStream::putBytes16 (27 bytes)
Event: 176.820 Thread 0x00007ff620012600 nmethod 7810 0x000000011388d810 code [0x000000011388da00, 0x000000011388dc00]
Event: 176.825 Thread 0x00007ff620012600 7811       1       sun.security.util.math.intpoly.IntegerPolynomial::carry (36 bytes)
Event: 176.825 Thread 0x00007ff620012600 nmethod 7811 0x000000011388dd90 code [0x000000011388df20, 0x000000011388e090]
Event: 176.828 Thread 0x00007ff620012600 7812       1       java.math.BigInteger::montgomerySquare (49 bytes)
Event: 176.828 Thread 0x00007ff620012600 nmethod 7812 0x000000011388e210 code [0x000000011388e400, 0x000000011388e7f0]
Event: 176.828 Thread 0x00007ff620012600 7813       1       java.math.BigInteger::implMontgomerySquare (19 bytes)
Event: 176.829 Thread 0x00007ff620012600 nmethod 7813 0x000000011388ea90 code [0x000000011388ec40, 0x000000011388ee80]
Event: 176.829 Thread 0x00007ff620012600 7814       1       java.math.BigInteger::squareToLen (33 bytes)
Event: 176.829 Thread 0x00007ff620012600 nmethod 7814 0x000000011388f010 code [0x000000011388f1c0, 0x000000011388f390]
Event: 176.829 Thread 0x00007ff620012600 7815       1       java.math.BigInteger::implSquareToLenChecks (206 bytes)
Event: 176.829 Thread 0x00007ff620012600 nmethod 7815 0x000000011388f490 code [0x000000011388f860, 0x0000000113890990]
Event: 176.829 Thread 0x00007ff620012600 7816       1       sun.security.ssl.Record::getInt8 (14 bytes)
Event: 176.830 Thread 0x00007ff620012600 nmethod 7816 0x0000000113891210 code [0x00000001138913c0, 0x0000000113891570]
Event: 176.830 Thread 0x00007ff620012600 7817       1       com.mysql.cj.ServerVersion::<init> (9 bytes)
Event: 176.830 Thread 0x00007ff620012600 nmethod 7817 0x0000000113891690 code [0x0000000113891860, 0x0000000113891b00]
Event: 176.830 Thread 0x00007ff620012600 7818       1       com.mysql.cj.ServerVersion::meetsMinimum (14 bytes)
Event: 176.830 Thread 0x00007ff620012600 nmethod 7818 0x0000000113891c10 code [0x0000000113891da0, 0x0000000113891ea0]
Event: 176.831 Thread 0x00007ff620012600 7819       1       com.mysql.cj.conf.AbstractPropertyDefinition::isRuntimeModifiable (5 bytes)
Event: 176.831 Thread 0x00007ff620012600 nmethod 7819 0x0000000113891f10 code [0x00000001138920a0, 0x0000000113892170]

GC Heap History (20 events):
Event: 3.985 GC heap before
{Heap before GC invocations=13 (full 0):
 garbage-first heap   total 161792K, used 111813K [0x0000000700000000, 0x0000000800000000)
  region size 2048K, 47 young (96256K), 1 survivors (2048K)
 Metaspace       used 49100K, committed 49536K, reserved 1097728K
  class space    used 6247K, committed 6464K, reserved 1048576K
}
Event: 3.989 GC heap after
{Heap after GC invocations=14 (full 0):
 garbage-first heap   total 161792K, used 21419K [0x0000000700000000, 0x0000000800000000)
  region size 2048K, 3 young (6144K), 3 survivors (6144K)
 Metaspace       used 49100K, committed 49536K, reserved 1097728K
  class space    used 6247K, committed 6464K, reserved 1048576K
}
Event: 4.407 GC heap before
{Heap before GC invocations=14 (full 0):
 garbage-first heap   total 161792K, used 111531K [0x0000000700000000, 0x0000000800000000)
  region size 2048K, 47 young (96256K), 3 survivors (6144K)
 Metaspace       used 50518K, committed 50944K, reserved 1097728K
  class space    used 6424K, committed 6656K, reserved 1048576K
}
Event: 4.415 GC heap after
{Heap after GC invocations=15 (full 0):
 garbage-first heap   total 161792K, used 29656K [0x0000000700000000, 0x0000000800000000)
  region size 2048K, 6 young (12288K), 6 survivors (12288K)
 Metaspace       used 50518K, committed 50944K, reserved 1097728K
  class space    used 6424K, committed 6656K, reserved 1048576K
}
Event: 7.348 GC heap before
{Heap before GC invocations=15 (full 0):
 garbage-first heap   total 161792K, used 111576K [0x0000000700000000, 0x0000000800000000)
  region size 2048K, 47 young (96256K), 6 survivors (12288K)
 Metaspace       used 59552K, committed 60032K, reserved 1105920K
  class space    used 7572K, committed 7808K, reserved 1048576K
}
Event: 7.357 GC heap after
{Heap after GC invocations=16 (full 0):
 garbage-first heap   total 161792K, used 34813K [0x0000000700000000, 0x0000000800000000)
  region size 2048K, 3 young (6144K), 3 survivors (6144K)
 Metaspace       used 59552K, committed 60032K, reserved 1105920K
  class space    used 7572K, committed 7808K, reserved 1048576K
}
Event: 7.365 GC heap before
{Heap before GC invocations=16 (full 0):
 garbage-first heap   total 161792K, used 34813K [0x0000000700000000, 0x0000000800000000)
  region size 2048K, 4 young (8192K), 3 survivors (6144K)
 Metaspace       used 59644K, committed 60096K, reserved 1105920K
  class space    used 7582K, committed 7808K, reserved 1048576K
}
Event: 7.368 GC heap after
{Heap after GC invocations=17 (full 0):
 garbage-first heap   total 161792K, used 34085K [0x0000000700000000, 0x0000000800000000)
  region size 2048K, 3 young (6144K), 3 survivors (6144K)
 Metaspace       used 59644K, committed 60096K, reserved 1105920K
  class space    used 7582K, committed 7808K, reserved 1048576K
}
Event: 12.936 GC heap before
{Heap before GC invocations=18 (full 0):
 garbage-first heap   total 131072K, used 111909K [0x0000000700000000, 0x0000000800000000)
  region size 2048K, 39 young (79872K), 3 survivors (6144K)
 Metaspace       used 64916K, committed 65536K, reserved 1105920K
  class space    used 8169K, committed 8448K, reserved 1048576K
}
Event: 12.942 GC heap after
{Heap after GC invocations=19 (full 0):
 garbage-first heap   total 131072K, used 39456K [0x0000000700000000, 0x0000000800000000)
  region size 2048K, 5 young (10240K), 5 survivors (10240K)
 Metaspace       used 64916K, committed 65536K, reserved 1105920K
  class space    used 8169K, committed 8448K, reserved 1048576K
}
Event: 12.962 GC heap before
{Heap before GC invocations=19 (full 0):
 garbage-first heap   total 131072K, used 41504K [0x0000000700000000, 0x0000000800000000)
  region size 2048K, 6 young (12288K), 5 survivors (10240K)
 Metaspace       used 65105K, committed 65664K, reserved 1114112K
  class space    used 8175K, committed 8448K, reserved 1048576K
}
Event: 12.966 GC heap after
{Heap after GC invocations=20 (full 0):
 garbage-first heap   total 131072K, used 39231K [0x0000000700000000, 0x0000000800000000)
  region size 2048K, 1 young (2048K), 1 survivors (2048K)
 Metaspace       used 65105K, committed 65664K, reserved 1114112K
  class space    used 8175K, committed 8448K, reserved 1048576K
}
Event: 173.120 GC heap before
{Heap before GC invocations=20 (full 0):
 garbage-first heap   total 131072K, used 71999K [0x0000000700000000, 0x0000000800000000)
  region size 2048K, 18 young (36864K), 1 survivors (2048K)
 Metaspace       used 66019K, committed 66688K, reserved 1114112K
  class space    used 8312K, committed 8640K, reserved 1048576K
}
Event: 173.181 GC heap after
{Heap after GC invocations=21 (full 1):
 garbage-first heap   total 102400K, used 27255K [0x0000000700000000, 0x0000000800000000)
  region size 2048K, 0 young (0K), 0 survivors (0K)
 Metaspace       used 66019K, committed 66688K, reserved 1114112K
  class space    used 8312K, committed 8640K, reserved 1048576K
}
Event: 173.799 GC heap before
{Heap before GC invocations=21 (full 1):
 garbage-first heap   total 102400K, used 74359K [0x0000000700000000, 0x0000000800000000)
  region size 2048K, 24 young (49152K), 0 survivors (0K)
 Metaspace       used 66205K, committed 66816K, reserved 1114112K
  class space    used 8340K, committed 8640K, reserved 1048576K
}
Event: 173.802 GC heap after
{Heap after GC invocations=22 (full 1):
 garbage-first heap   total 102400K, used 30314K [0x0000000700000000, 0x0000000800000000)
  region size 2048K, 2 young (4096K), 2 survivors (4096K)
 Metaspace       used 66205K, committed 66816K, reserved 1114112K
  class space    used 8340K, committed 8640K, reserved 1048576K
}
Event: 173.986 GC heap before
{Heap before GC invocations=22 (full 1):
 garbage-first heap   total 102400K, used 77418K [0x0000000700000000, 0x0000000800000000)
  region size 2048K, 25 young (51200K), 2 survivors (4096K)
 Metaspace       used 66311K, committed 67008K, reserved 1114112K
  class space    used 8351K, committed 8704K, reserved 1048576K
}
Event: 173.990 GC heap after
{Heap after GC invocations=23 (full 1):
 garbage-first heap   total 102400K, used 37067K [0x0000000700000000, 0x0000000800000000)
  region size 2048K, 4 young (8192K), 4 survivors (8192K)
 Metaspace       used 66311K, committed 67008K, reserved 1114112K
  class space    used 8351K, committed 8704K, reserved 1048576K
}
Event: 174.056 GC heap before
{Heap before GC invocations=23 (full 1):
 garbage-first heap   total 102400K, used 73931K [0x0000000700000000, 0x0000000800000000)
  region size 2048K, 23 young (47104K), 4 survivors (8192K)
 Metaspace       used 66344K, committed 67072K, reserved 1114112K
  class space    used 8356K, committed 8704K, reserved 1048576K
}
Event: 174.063 GC heap after
{Heap after GC invocations=24 (full 1):
 garbage-first heap   total 102400K, used 46909K [0x0000000700000000, 0x0000000800000000)
  region size 2048K, 3 young (6144K), 3 survivors (6144K)
 Metaspace       used 66344K, committed 67072K, reserved 1114112K
  class space    used 8356K, committed 8704K, reserved 1048576K
}

Dll operation events (20 events):
Event: 2.864 Loading shared library /System/Library/Java/Extensions/libtcnative-1.dylib failed, dlopen(/System/Library/Java/Extensions/libtcnative-1.dylib, 0x0001): tried: '/System/Library/Java/Extensions/libtcnative-1.dylib' (no such file), '/System/Volumes/Preboot/C
Event: 2.864 Loading shared library /System/Library/Java/Extensions/libtcnative-1.jnilib failed, dlopen(/System/Library/Java/Extensions/libtcnative-1.jnilib, 0x0001): tried: '/System/Library/Java/Extensions/libtcnative-1.jnilib' (no such file), '/System/Volumes/Preboo
Event: 2.865 Loading shared library /usr/lib/java/libtcnative-1.dylib failed, dlopen(/usr/lib/java/libtcnative-1.dylib, 0x0001): tried: '/usr/lib/java/libtcnative-1.dylib' (no such file), '/System/Volumes/Preboot/Cryptexes/OS/usr/lib/java/libtcnative-1.dylib' (no such
Event: 2.865 Loading shared library /usr/lib/java/libtcnative-1.jnilib failed, dlopen(/usr/lib/java/libtcnative-1.jnilib, 0x0001): tried: '/usr/lib/java/libtcnative-1.jnilib' (no such file), '/System/Volumes/Preboot/Cryptexes/OS/usr/lib/java/libtcnative-1.jnilib' (no 
Event: 2.865 Loading shared library /Users/inetomeyuukana/Documents/workspace-spring-tool-suite-4-4.17.1.RELEASE/WorkApp/libtcnative-1.dylib failed, dlopen(/Users/inetomeyuukana/Documents/workspace-spring-tool-suite-4-4.17.1.RELEASE/WorkApp/libtcnative-1.dylib, 0x0001
Event: 2.865 Loading shared library /Users/inetomeyuukana/Documents/workspace-spring-tool-suite-4-4.17.1.RELEASE/WorkApp/libtcnative-1.jnilib failed, dlopen(/Users/inetomeyuukana/Documents/workspace-spring-tool-suite-4-4.17.1.RELEASE/WorkApp/libtcnative-1.jnilib, 0x00
Event: 2.865 Loading shared library /Applications/SpringToolSuite4.app/Contents/Eclipse/plugins/org.eclipse.justj.openjdk.hotspot.jre.full.macosx.x86_64_17.0.5.v20221102-0933/jre/lib/liblibtcnative-1.dylib failed, dlopen(/Applications/SpringToolSuite4.app/Contents/Ecl
Event: 2.865 Loading shared library /Applications/SpringToolSuite4.app/Contents/Eclipse/plugins/org.eclipse.justj.openjdk.hotspot.jre.full.macosx.x86_64_17.0.5.v20221102-0933/jre/lib/liblibtcnative-1.jnilib failed, dlopen(/Applications/SpringToolSuite4.app/Contents/Ec
Event: 2.865 Loading shared library /Users/inetomeyuukana/Library/Java/Extensions/liblibtcnative-1.dylib failed, dlopen(/Users/inetomeyuukana/Library/Java/Extensions/liblibtcnative-1.dylib, 0x0001): tried: '/Users/inetomeyuukana/Library/Java/Extensions/liblibtcnative-
Event: 2.865 Loading shared library /Users/inetomeyuukana/Library/Java/Extensions/liblibtcnative-1.jnilib failed, dlopen(/Users/inetomeyuukana/Library/Java/Extensions/liblibtcnative-1.jnilib, 0x0001): tried: '/Users/inetomeyuukana/Library/Java/Extensions/liblibtcnativ
Event: 2.866 Loading shared library /Library/Java/Extensions/liblibtcnative-1.dylib failed, dlopen(/Library/Java/Extensions/liblibtcnative-1.dylib, 0x0001): tried: '/Library/Java/Extensions/liblibtcnative-1.dylib' (no such file), '/System/Volumes/Preboot/Cryptexes/OS/
Event: 2.866 Loading shared library /Library/Java/Extensions/liblibtcnative-1.jnilib failed, dlopen(/Library/Java/Extensions/liblibtcnative-1.jnilib, 0x0001): tried: '/Library/Java/Extensions/liblibtcnative-1.jnilib' (no such file), '/System/Volumes/Preboot/Cryptexes/
Event: 2.866 Loading shared library /Network/Library/Java/Extensions/liblibtcnative-1.dylib failed, dlopen(/Network/Library/Java/Extensions/liblibtcnative-1.dylib, 0x0001): tried: '/Network/Library/Java/Extensions/liblibtcnative-1.dylib' (no such file), '/System/Volum
Event: 2.866 Loading shared library /Network/Library/Java/Extensions/liblibtcnative-1.jnilib failed, dlopen(/Network/Library/Java/Extensions/liblibtcnative-1.jnilib, 0x0001): tried: '/Network/Library/Java/Extensions/liblibtcnative-1.jnilib' (no such file), '/System/Vo
Event: 2.866 Loading shared library /System/Library/Java/Extensions/liblibtcnative-1.dylib failed, dlopen(/System/Library/Java/Extensions/liblibtcnative-1.dylib, 0x0001): tried: '/System/Library/Java/Extensions/liblibtcnative-1.dylib' (no such file), '/System/Volumes/
Event: 2.866 Loading shared library /System/Library/Java/Extensions/liblibtcnative-1.jnilib failed, dlopen(/System/Library/Java/Extensions/liblibtcnative-1.jnilib, 0x0001): tried: '/System/Library/Java/Extensions/liblibtcnative-1.jnilib' (no such file), '/System/Volum
Event: 2.866 Loading shared library /usr/lib/java/liblibtcnative-1.dylib failed, dlopen(/usr/lib/java/liblibtcnative-1.dylib, 0x0001): tried: '/usr/lib/java/liblibtcnative-1.dylib' (no such file), '/System/Volumes/Preboot/Cryptexes/OS/usr/lib/java/liblibtcnative-1.dyl
Event: 2.866 Loading shared library /usr/lib/java/liblibtcnative-1.jnilib failed, dlopen(/usr/lib/java/liblibtcnative-1.jnilib, 0x0001): tried: '/usr/lib/java/liblibtcnative-1.jnilib' (no such file), '/System/Volumes/Preboot/Cryptexes/OS/usr/lib/java/liblibtcnative-1.
Event: 2.866 Loading shared library /Users/inetomeyuukana/Documents/workspace-spring-tool-suite-4-4.17.1.RELEASE/WorkApp/liblibtcnative-1.dylib failed, dlopen(/Users/inetomeyuukana/Documents/workspace-spring-tool-suite-4-4.17.1.RELEASE/WorkApp/liblibtcnative-1.dylib, 
Event: 2.866 Loading shared library /Users/inetomeyuukana/Documents/workspace-spring-tool-suite-4-4.17.1.RELEASE/WorkApp/liblibtcnative-1.jnilib failed, dlopen(/Users/inetomeyuukana/Documents/workspace-spring-tool-suite-4-4.17.1.RELEASE/WorkApp/liblibtcnative-1.jnilib

Deoptimization events (20 events):
Event: 176.770 Thread 0x00007ff628483a00 DEOPT PACKING pc=0x000000011340e5bf sp=0x000000030cac55a0
Event: 176.770 Thread 0x00007ff628483a00 DEOPT UNPACKING pc=0x0000000112888810 sp=0x000000030cac4a30 mode 1
Event: 176.772 Thread 0x00007ff628483a00 DEOPT PACKING pc=0x0000000113851f89 sp=0x000000030cac53c0
Event: 176.772 Thread 0x00007ff628483a00 DEOPT UNPACKING pc=0x0000000112888810 sp=0x000000030cac4898 mode 1
Event: 176.793 Thread 0x00007ff628483a00 DEOPT PACKING pc=0x000000011340e5bf sp=0x000000030cac54e0
Event: 176.793 Thread 0x00007ff628483a00 DEOPT UNPACKING pc=0x0000000112888810 sp=0x000000030cac4970 mode 1
Event: 176.793 Thread 0x00007ff628483a00 DEOPT PACKING pc=0x0000000113851f89 sp=0x000000030cac5300
Event: 176.793 Thread 0x00007ff628483a00 DEOPT UNPACKING pc=0x0000000112888810 sp=0x000000030cac47d8 mode 1
Event: 176.807 Thread 0x00007ff628483a00 DEOPT PACKING pc=0x000000011340e5bf sp=0x000000030cac54e0
Event: 176.807 Thread 0x00007ff628483a00 DEOPT UNPACKING pc=0x0000000112888810 sp=0x000000030cac4970 mode 1
Event: 176.807 Thread 0x00007ff628483a00 DEOPT PACKING pc=0x0000000113851f89 sp=0x000000030cac5300
Event: 176.807 Thread 0x00007ff628483a00 DEOPT UNPACKING pc=0x0000000112888810 sp=0x000000030cac47d8 mode 1
Event: 176.827 Thread 0x00007ff628483a00 DEOPT PACKING pc=0x000000011388a094 sp=0x000000030cac52c0
Event: 176.827 Thread 0x00007ff628483a00 DEOPT UNPACKING pc=0x0000000112888810 sp=0x000000030cac4880 mode 1
Event: 176.827 Thread 0x00007ff628483a00 DEOPT PACKING pc=0x000000011388a094 sp=0x000000030cac52c0
Event: 176.827 Thread 0x00007ff628483a00 DEOPT UNPACKING pc=0x0000000112888810 sp=0x000000030cac4880 mode 1
Event: 176.828 Thread 0x00007ff628483a00 DEOPT PACKING pc=0x000000011340e5bf sp=0x000000030cac54e0
Event: 176.828 Thread 0x00007ff628483a00 DEOPT UNPACKING pc=0x0000000112888810 sp=0x000000030cac4970 mode 1
Event: 176.829 Thread 0x00007ff628483a00 DEOPT PACKING pc=0x0000000113851f89 sp=0x000000030cac5300
Event: 176.829 Thread 0x00007ff628483a00 DEOPT UNPACKING pc=0x0000000112888810 sp=0x000000030cac47d8 mode 1

Classes unloaded (0 events):
No events

Classes redefined (3 events):
Event: 171.864 Thread 0x00007ff62910dc10 redefined class name=com.example.controller.admin.CsvController, count=1
Event: 175.178 Thread 0x00007ff62910dc10 redefined class name=com.example.controller.admin.CsvController, count=1
Event: 175.178 Thread 0x00007ff62910dc10 redefined class name=com.example.controller.admin.CsvController, count=2

Internal exceptions (20 events):
Event: 74.218 Thread 0x00007ff5f000a200 Exception <a 'java/lang/NoClassDefFoundError'{0x00000007069192f0}: sun/reflect/Reflection> (0x00000007069192f0) 
thrown [src/hotspot/share/classfile/systemDictionary.cpp, line 245]
Event: 173.102 Thread 0x00007ff629c6fa00 Exception <a 'java/lang/InterruptedException'{0x0000000705c88c98}: sleep interrupted> (0x0000000705c88c98) 
thrown [src/hotspot/share/prims/jvm.cpp, line 3070]
Event: 173.113 Thread 0x00007ff629ae6600 Exception <a 'sun/net/ConnectionResetException'{0x0000000705d48270}: Connection reset> (0x0000000705d48270) 
thrown [src/hotspot/share/prims/jni.cpp, line 535]
Event: 173.114 Thread 0x00007ff629ae6600 Exception <a 'java/io/IOException'{0x0000000705d4f988}> (0x0000000705d4f988) 
thrown [src/hotspot/share/prims/jni.cpp, line 516]
Event: 173.114 Thread 0x00007ff629ae6600 Exception <a 'sun/net/ConnectionResetException'{0x0000000705d50488}: Connection reset> (0x0000000705d50488) 
thrown [src/hotspot/share/prims/jni.cpp, line 535]
Event: 173.117 Thread 0x00007ff629ae6600 Exception <a 'java/io/IOException'{0x0000000705d5ca90}> (0x0000000705d5ca90) 
thrown [src/hotspot/share/prims/jni.cpp, line 516]
Event: 173.117 Thread 0x00007ff629ae6600 Exception <a 'sun/net/ConnectionResetException'{0x0000000705d5d590}: Connection reset> (0x0000000705d5d590) 
thrown [src/hotspot/share/prims/jni.cpp, line 535]
Event: 173.118 Thread 0x00007ff629ae6600 Exception <a 'sun/net/ConnectionResetException'{0x0000000705d602e0}: Connection reset> (0x0000000705d602e0) 
thrown [src/hotspot/share/prims/jni.cpp, line 535]
Event: 173.119 Thread 0x00007ff629c28600 Exception <a 'java/lang/NoSuchMethodError'{0x0000000705d30560}: 'void java.lang.invoke.DirectMethodHandle$Holder.invokeInterface(java.lang.Object, java.lang.Object)'> (0x0000000705d30560) 
thrown [src/hotspot/share/interpreter/linkResolver.cpp, line 759]
Event: 173.216 Thread 0x00007ff6288c1200 Exception <a 'sun/nio/fs/UnixException'{0x00000007062b3280}> (0x00000007062b3280) 
thrown [src/hotspot/share/prims/jni.cpp, line 516]
Event: 173.629 Thread 0x00007ff6288c1200 Exception <a 'java/io/FileNotFoundException'{0x0000000704732780}> (0x0000000704732780) 
thrown [src/hotspot/share/prims/jni.cpp, line 516]
Event: 173.663 Thread 0x00007ff6288c1200 Exception <a 'java/lang/ClassNotFoundException'{0x00000007045117d0}: java/lang/ObjectCustomizer> (0x00000007045117d0) 
thrown [src/hotspot/share/classfile/systemDictionary.cpp, line 256]
Event: 173.668 Thread 0x00007ff6288c1200 Exception <a 'java/lang/ClassNotFoundException'{0x000000070451acb8}: org/springframework/security/config/annotation/web/configuration/WebSecurityConfigurerAdapterCustomizer> (0x000000070451acb8) 
thrown [src/hotspot/share/classfile/systemDictionary.cpp, line 256]
Event: 173.669 Thread 0x00007ff6288c1200 Exception <a 'java/lang/ClassNotFoundException'{0x000000070452a6b8}: com/example/config/SecurityConfigCustomizer> (0x000000070452a6b8) 
thrown [src/hotspot/share/classfile/systemDictionary.cpp, line 256]
Event: 173.671 Thread 0x00007ff6288c1200 Exception <a 'java/lang/ClassNotFoundException'{0x0000000704534628}: com/example/config/SecurityConfig$$EnhancerBySpringCGLIB$$7dbc94afCustomizer> (0x0000000704534628) 
thrown [src/hotspot/share/classfile/systemDictionary.cpp, line 256]
Event: 173.672 Thread 0x00007ff6288c1200 Exception <a 'java/lang/ClassNotFoundException'{0x0000000704547b28}: org/springframework/context/annotation/ConfigurationClassEnhancer$EnhancedConfigurationCustomizer> (0x0000000704547b28) 
thrown [src/hotspot/share/classfile/systemDictionary.cpp, line 256]
Event: 173.673 Thread 0x00007ff6288c1200 Exception <a 'java/lang/ClassNotFoundException'{0x000000070454c488}: org/springframework/beans/factory/BeanFactoryAwareCustomizer> (0x000000070454c488) 
thrown [src/hotspot/share/classfile/systemDictionary.cpp, line 256]
Event: 173.673 Thread 0x00007ff6288c1200 Exception <a 'java/lang/ClassNotFoundException'{0x0000000704552420}: org/springframework/beans/factory/AwareCustomizer> (0x0000000704552420) 
thrown [src/hotspot/share/classfile/systemDictionary.cpp, line 256]
Event: 173.673 Thread 0x00007ff6288c1200 Exception <a 'java/lang/ClassNotFoundException'{0x00000007045570d8}: org/springframework/security/config/annotation/web/WebSecurityConfigurerCustomizer> (0x00000007045570d8) 
thrown [src/hotspot/share/classfile/systemDictionary.cpp, line 256]
Event: 173.673 Thread 0x00007ff6288c1200 Exception <a 'java/lang/ClassNotFoundException'{0x000000070455bdd8}: org/springframework/security/config/annotation/SecurityConfigurerCustomizer> (0x000000070455bdd8) 
thrown [src/hotspot/share/classfile/systemDictionary.cpp, line 256]

VM Operations (20 events):
Event: 173.829 Executing VM operation: ChangeBreakpoints done
Event: 173.985 Executing VM operation: G1CollectForAllocation
Event: 173.990 Executing VM operation: G1CollectForAllocation done
Event: 174.056 Executing VM operation: G1CollectForAllocation
Event: 174.063 Executing VM operation: G1CollectForAllocation done
Event: 174.063 Executing VM operation: Cleanup
Event: 174.064 Executing VM operation: Cleanup done
Event: 175.068 Executing VM operation: Cleanup
Event: 175.069 Executing VM operation: Cleanup done
Event: 175.173 Executing VM operation: RedefineClasses
Event: 175.187 Executing VM operation: RedefineClasses done
Event: 175.203 Executing VM operation: ChangeBreakpoints
Event: 175.205 Executing VM operation: ChangeBreakpoints done
Event: 175.207 Executing VM operation: ChangeBreakpoints
Event: 175.209 Executing VM operation: ChangeBreakpoints done
Event: 175.219 Executing VM operation: ChangeBreakpoints
Event: 175.221 Executing VM operation: ChangeBreakpoints done
Event: 175.222 Executing VM operation: ChangeBreakpoints
Event: 175.224 Executing VM operation: ChangeBreakpoints done
Event: 176.896 Executing VM operation: get/set locals

Events (20 events):
Event: 174.230 Protecting memory [0x000000030d1df000,0x000000030d1e3000] with protection modes 3
Event: 174.230 Thread 0x00007ff620475e00 Thread exited: 0x00007ff620475e00
Event: 174.238 Thread 0x00007ff62854d000 Thread added: 0x00007ff62854d000
Event: 174.238 Protecting memory [0x000000030d1df000,0x000000030d1e3000] with protection modes 0
Event: 174.242 Protecting memory [0x000000030d1df000,0x000000030d1e3000] with protection modes 3
Event: 174.242 Thread 0x00007ff62854d000 Thread exited: 0x00007ff62854d000
Event: 175.301 Protecting memory [0x000000030cfd9000,0x000000030cfdd000] with protection modes 3
Event: 175.301 Thread 0x00007ff620475800 Thread exited: 0x00007ff620475800
Event: 176.542 Thread 0x00007ff628575a00 Thread added: 0x00007ff628575a00
Event: 176.542 Protecting memory [0x000000030cfd9000,0x000000030cfdd000] with protection modes 0
Event: 176.578 Thread 0x00007ff629b7d600 Thread added: 0x00007ff629b7d600
Event: 176.578 Protecting memory [0x000000030d1df000,0x000000030d1e3000] with protection modes 0
Event: 176.587 Thread 0x00007ff6288c1200 Thread added: 0x00007ff6288c1200
Event: 176.587 Protecting memory [0x000000030d2e2000,0x000000030d2e6000] with protection modes 0
Event: 176.588 Protecting memory [0x000000030c9c7000,0x000000030c9cb000] with protection modes 3
Event: 176.588 Thread 0x00007ff6203d1c00 Thread exited: 0x00007ff6203d1c00
Event: 176.594 Protecting memory [0x000000030ccd0000,0x000000030ccd4000] with protection modes 3
Event: 176.594 Thread 0x00007ff629c33400 Thread exited: 0x00007ff629c33400
Event: 176.683 Thread 0x00007ff628483a00 Thread added: 0x00007ff628483a00
Event: 176.683 Protecting memory [0x000000030c9c7000,0x000000030c9cb000] with protection modes 0


Dynamic libraries:
0x000000010b564000 	/Applications/SpringToolSuite4.app/Contents/Eclipse/plugins/org.eclipse.justj.openjdk.hotspot.jre.full.macosx.x86_64_17.0.5.v20221102-0933/jre/lib/libjli.dylib
0x00007ff827640000 	/usr/lib/libz.1.dylib
0x00007ff82772f000 	/usr/lib/libSystem.B.dylib
0x00007ff827729000 	/usr/lib/system/libcache.dylib
0x00007ff8276e0000 	/usr/lib/system/libcommonCrypto.dylib
0x00007ff82770d000 	/usr/lib/system/libcompiler_rt.dylib
0x00007ff8276ff000 	/usr/lib/system/libcopyfile.dylib
0x00007ff81afd7000 	/usr/lib/system/libcorecrypto.dylib
0x00007ff81b09b000 	/usr/lib/system/libdispatch.dylib
0x00007ff81b245000 	/usr/lib/system/libdyld.dylib
0x00007ff82771f000 	/usr/lib/system/libkeymgr.dylib
0x00007ff8276bf000 	/usr/lib/system/libmacho.dylib
0x00007ff826bc8000 	/usr/lib/system/libquarantine.dylib
0x00007ff82771d000 	/usr/lib/system/libremovefile.dylib
0x00007ff81fdd4000 	/usr/lib/system/libsystem_asl.dylib
0x00007ff81af78000 	/usr/lib/system/libsystem_blocks.dylib
0x00007ff81b0e6000 	/usr/lib/system/libsystem_c.dylib
0x00007ff827715000 	/usr/lib/system/libsystem_collections.dylib
0x00007ff825ca2000 	/usr/lib/system/libsystem_configuration.dylib
0x00007ff824d47000 	/usr/lib/system/libsystem_containermanager.dylib
0x00007ff827374000 	/usr/lib/system/libsystem_coreservices.dylib
0x00007ff81de29000 	/usr/lib/system/libsystem_darwin.dylib
0x00007ff827720000 	/usr/lib/system/libsystem_dnssd.dylib
0x00007ff81b0e3000 	/usr/lib/system/libsystem_featureflags.dylib
0x00007ff81b273000 	/usr/lib/system/libsystem_info.dylib
0x00007ff827653000 	/usr/lib/system/libsystem_m.dylib
0x00007ff81b06e000 	/usr/lib/system/libsystem_malloc.dylib
0x00007ff81fd57000 	/usr/lib/system/libsystem_networkextension.dylib
0x00007ff81e26a000 	/usr/lib/system/libsystem_notify.dylib
0x00007ff825ca6000 	/usr/lib/system/libsystem_sandbox.dylib
0x00007ff82771a000 	/usr/lib/system/libsystem_secinit.dylib
0x00007ff81b1ff000 	/usr/lib/system/libsystem_kernel.dylib
0x00007ff81b269000 	/usr/lib/system/libsystem_platform.dylib
0x00007ff81b239000 	/usr/lib/system/libsystem_pthread.dylib
0x00007ff821818000 	/usr/lib/system/libsystem_symptoms.dylib
0x00007ff81afbd000 	/usr/lib/system/libsystem_trace.dylib
0x00007ff8276ec000 	/usr/lib/system/libunwind.dylib
0x00007ff81af7c000 	/usr/lib/system/libxpc.dylib
0x00007ff81b1ea000 	/usr/lib/libc++abi.dylib
0x00007ff81aea4000 	/usr/lib/libobjc.A.dylib
0x00007ff8276f7000 	/usr/lib/liboah.dylib
0x00007ff81b16e000 	/usr/lib/libc++.1.dylib
0x00007ff834c4c000 	/System/Library/Frameworks/Cocoa.framework/Versions/A/Cocoa
0x00007ff81e2cc000 	/System/Library/Frameworks/AppKit.framework/Versions/C/AppKit
0x00007ff820fd0000 	/System/Library/Frameworks/CoreData.framework/Versions/A/CoreData
0x00007ff81c0a4000 	/System/Library/Frameworks/Foundation.framework/Versions/C/Foundation
0x00007ff81f2d4000 	/System/Library/PrivateFrameworks/UIFoundation.framework/Versions/A/UIFoundation
0x00007ffb1d617000 	/System/Library/PrivateFrameworks/CollectionViewCore.framework/Versions/A/CollectionViewCore
0x00007ff82eb86000 	/System/Library/PrivateFrameworks/RemoteViewServices.framework/Versions/A/RemoteViewServices
0x00007ff825528000 	/System/Library/PrivateFrameworks/XCTTargetBootstrap.framework/Versions/A/XCTTargetBootstrap
0x00007ff82a672000 	/System/Library/PrivateFrameworks/InternationalSupport.framework/Versions/A/InternationalSupport
0x00007ff82a6fb000 	/System/Library/PrivateFrameworks/UserActivity.framework/Versions/A/UserActivity
0x00007ffb343c2000 	/System/Library/PrivateFrameworks/WindowManagement.framework/Versions/A/WindowManagement
0x00007ff81bd93000 	/System/Library/Frameworks/SystemConfiguration.framework/Versions/A/SystemConfiguration
0x00007ff829a52000 	/usr/lib/libspindump.dylib
0x00007ff81f4a2000 	/System/Library/Frameworks/UniformTypeIdentifiers.framework/Versions/A/UniformTypeIdentifiers
0x00007ff8236ed000 	/usr/lib/libapp_launch_measurement.dylib
0x00007ff822455000 	/System/Library/PrivateFrameworks/CoreAnalytics.framework/Versions/A/CoreAnalytics
0x00007ff8236f0000 	/System/Library/PrivateFrameworks/CoreAutoLayout.framework/Versions/A/CoreAutoLayout
0x00007ff824d95000 	/System/Library/Frameworks/Metal.framework/Versions/A/Metal
0x00007ff825cb1000 	/usr/lib/liblangid.dylib
0x00007ff82552d000 	/System/Library/PrivateFrameworks/CoreSVG.framework/Versions/A/CoreSVG
0x00007ff81fe06000 	/System/Library/PrivateFrameworks/SkyLight.framework/Versions/A/SkyLight
0x00007ff8201f7000 	/System/Library/Frameworks/CoreGraphics.framework/Versions/A/CoreGraphics
0x00007ff82f26b000 	/System/Library/Frameworks/Accelerate.framework/Versions/A/Accelerate
0x00007ff8294c3000 	/System/Library/PrivateFrameworks/IconServices.framework/Versions/A/IconServices
0x00007ff824d76000 	/System/Library/Frameworks/IOSurface.framework/Versions/A/IOSurface
0x00007ff822480000 	/usr/lib/libDiagnosticMessagesClient.dylib
0x00007ff83291e000 	/System/Library/Frameworks/ApplicationServices.framework/Versions/A/ApplicationServices
0x00007ff825514000 	/System/Library/PrivateFrameworks/DFRFoundation.framework/Versions/A/DFRFoundation
0x00007ff81db98000 	/usr/lib/libicucore.A.dylib
0x00007ff82b50c000 	/System/Library/Frameworks/AudioToolbox.framework/Versions/A/AudioToolbox
0x00007ff82a67d000 	/System/Library/PrivateFrameworks/DataDetectorsCore.framework/Versions/A/DataDetectorsCore
0x00007ff922c22000 	/System/Library/PrivateFrameworks/TextInput.framework/Versions/A/TextInput
0x00007ff81fd6f000 	/usr/lib/libMobileGestalt.dylib
0x00007ff82521c000 	/System/Library/Frameworks/Carbon.framework/Versions/A/Frameworks/HIToolbox.framework/Versions/A/HIToolbox
0x00007ff82307a000 	/System/Library/Frameworks/QuartzCore.framework/Versions/A/QuartzCore
0x00007ff81d80b000 	/System/Library/Frameworks/Security.framework/Versions/A/Security
0x00007ff82ebbe000 	/System/Library/Frameworks/Carbon.framework/Versions/A/Frameworks/SpeechRecognition.framework/Versions/A/SpeechRecognition
0x00007ff82342c000 	/System/Library/PrivateFrameworks/CoreUI.framework/Versions/A/CoreUI
0x00007ff81d159000 	/System/Library/Frameworks/CoreAudio.framework/Versions/A/CoreAudio
0x00007ff822559000 	/System/Library/Frameworks/DiskArbitration.framework/Versions/A/DiskArbitration
0x00007ff829e6e000 	/System/Library/PrivateFrameworks/MultitouchSupport.framework/Versions/A/MultitouchSupport
0x00007ff81fd6e000 	/usr/lib/libenergytrace.dylib
0x00007ff81e1ad000 	/System/Library/Frameworks/IOKit.framework/Versions/A/IOKit
0x00007ff82efbb000 	/System/Library/Frameworks/CoreServices.framework/Versions/A/CoreServices
0x00007ff823685000 	/System/Library/PrivateFrameworks/PerformanceAnalysis.framework/Versions/A/PerformanceAnalysis
0x00007ffa32749000 	/System/Library/Frameworks/OpenGL.framework/Versions/A/OpenGL
0x00007ff823738000 	/usr/lib/libxml2.2.dylib
0x00007ff826ada000 	/System/Library/PrivateFrameworks/MobileKeyBag.framework/Versions/A/MobileKeyBag
0x00007ff820a06000 	/System/Library/Frameworks/ColorSync.framework/Versions/A/ColorSync
0x00007ff81b29e000 	/System/Library/Frameworks/CoreFoundation.framework/Versions/A/CoreFoundation
0x00007ff82587d000 	/System/Library/Frameworks/CoreImage.framework/Versions/A/CoreImage
0x00007ff81cf67000 	/System/Library/Frameworks/CoreText.framework/Versions/A/CoreText
0x00007ff825564000 	/System/Library/Frameworks/ImageIO.framework/Versions/A/ImageIO
0x00007ff827735000 	/System/Library/PrivateFrameworks/SoftLinking.framework/Versions/A/SoftLinking
0x00007ff8279b6000 	/usr/lib/libcompression.dylib
0x00007ff82a5ab000 	/System/Library/PrivateFrameworks/TextureIO.framework/Versions/A/TextureIO
0x00007ff8290ed000 	/usr/lib/libate.dylib
0x00007ff828e7b000 	/usr/lib/liblzma.5.dylib
0x00007ff827731000 	/usr/lib/libfakelink.dylib
0x00007ff81f9b6000 	/System/Library/Frameworks/CFNetwork.framework/Versions/A/CFNetwork
0x00007ff82786e000 	/usr/lib/libarchive.2.dylib
0x00007ff82ce55000 	/System/Library/Frameworks/Combine.framework/Versions/A/Combine
0x00007ff82afaa000 	/usr/lib/swift/libswiftCore.dylib
0x00007ff91fbf9000 	/usr/lib/swift/libswiftCoreFoundation.dylib
0x00007ff91dccf000 	/usr/lib/swift/libswiftDarwin.dylib
0x00007ff830805000 	/usr/lib/swift/libswiftDispatch.dylib
0x00007ff91fc15000 	/usr/lib/swift/libswiftIOKit.dylib
0x00007ff832d5d000 	/usr/lib/swift/libswiftObjectiveC.dylib
0x00007ff91fc0a000 	/usr/lib/swift/libswiftXPC.dylib
0x00007ffc1aea4000 	/usr/lib/swift/libswift_Concurrency.dylib
0x00007ffc1afe1000 	/usr/lib/swift/libswift_StringProcessing.dylib
0x00007ff832d61000 	/usr/lib/swift/libswiftos.dylib
0x00007ff81e130000 	/System/Library/PrivateFrameworks/CoreServicesInternal.framework/Versions/A/CoreServicesInternal
0x00007ff826bef000 	/usr/lib/libbsm.0.dylib
0x00007ff8276c4000 	/usr/lib/system/libkxld.dylib
0x00007ff8236b9000 	/System/Library/Frameworks/CoreServices.framework/Versions/A/Frameworks/FSEvents.framework/Versions/A/FSEvents
0x00007ff81de34000 	/System/Library/Frameworks/CoreServices.framework/Versions/A/Frameworks/CarbonCore.framework/Versions/A/CarbonCore
0x00007ff8224c3000 	/System/Library/Frameworks/CoreServices.framework/Versions/A/Frameworks/Metadata.framework/Versions/A/Metadata
0x00007ff82737a000 	/System/Library/Frameworks/CoreServices.framework/Versions/A/Frameworks/OSServices.framework/Versions/A/OSServices
0x00007ff8278f6000 	/System/Library/Frameworks/CoreServices.framework/Versions/A/Frameworks/SearchKit.framework/Versions/A/SearchKit
0x00007ff82179c000 	/System/Library/Frameworks/CoreServices.framework/Versions/A/Frameworks/AE.framework/Versions/A/AE
0x00007ff81b739000 	/System/Library/Frameworks/CoreServices.framework/Versions/A/Frameworks/LaunchServices.framework/Versions/A/LaunchServices
0x00007ff828e2c000 	/System/Library/Frameworks/CoreServices.framework/Versions/A/Frameworks/DictionaryServices.framework/Versions/A/DictionaryServices
0x00007ff8236c6000 	/System/Library/Frameworks/CoreServices.framework/Versions/A/Frameworks/SharedFileList.framework/Versions/A/SharedFileList
0x00007ff827980000 	/usr/lib/libapple_nghttp2.dylib
0x00007ff81f9b2000 	/usr/lib/libnetwork.dylib
0x00007ff82144e000 	/usr/lib/libsqlite3.dylib
0x00007ff821820000 	/System/Library/Frameworks/Network.framework/Versions/A/Network
0x00007ffb39de3000 	/usr/lib/libCoreEntitlements.dylib
0x00007ffb27020000 	/System/Library/PrivateFrameworks/MessageSecurity.framework/Versions/A/MessageSecurity
0x00007ff821435000 	/System/Library/PrivateFrameworks/ProtocolBuffer.framework/Versions/A/ProtocolBuffer
0x00007ff827296000 	/System/Library/PrivateFrameworks/AppleFSCompression.framework/Versions/A/AppleFSCompression
0x00007ff826bd7000 	/usr/lib/libcoretls.dylib
0x00007ff828e94000 	/usr/lib/libcoretls_cfhelpers.dylib
0x00007ff8279b0000 	/usr/lib/libpam.2.dylib
0x00007ff828f06000 	/usr/lib/libxar.1.dylib
0x00007ff82949f000 	/usr/lib/libheimdal-asn1.dylib
0x00007ff827736000 	/usr/lib/libpcap.A.dylib
0x00007ff82180f000 	/usr/lib/libdns_services.dylib
0x00007ff825cad000 	/System/Library/PrivateFrameworks/AppleSystemInfo.framework/Versions/A/AppleSystemInfo
0x00007ff8268e1000 	/System/Library/PrivateFrameworks/IOMobileFramebuffer.framework/Versions/A/IOMobileFramebuffer
0x00007ff827365000 	/usr/lib/libbz2.1.0.dylib
0x00007ff826bcb000 	/usr/lib/libCheckFix.dylib
0x00007ff81fdeb000 	/System/Library/PrivateFrameworks/TCC.framework/Versions/A/TCC
0x00007ff825cb3000 	/System/Library/PrivateFrameworks/CoreNLP.framework/Versions/A/CoreNLP
0x00007ff822482000 	/System/Library/PrivateFrameworks/MetadataUtilities.framework/Versions/A/MetadataUtilities
0x00007ff826c00000 	/usr/lib/libmecab.dylib
0x00007ff81be13000 	/usr/lib/libCRFSuite.dylib
0x00007ff826c59000 	/usr/lib/libgermantok.dylib
0x00007ff82795c000 	/usr/lib/libThaiTokenizer.dylib
0x00007ff822561000 	/System/Library/Frameworks/Accelerate.framework/Versions/A/Frameworks/vImage.framework/Versions/A/vImage
0x00007ff82ef8e000 	/System/Library/Frameworks/Accelerate.framework/Versions/A/Frameworks/vecLib.framework/Versions/A/vecLib
0x00007ff828f48000 	/System/Library/Frameworks/Accelerate.framework/Versions/A/Frameworks/vecLib.framework/Versions/A/libvMisc.dylib
0x00007ff8266dc000 	/System/Library/Frameworks/Accelerate.framework/Versions/A/Frameworks/vecLib.framework/Versions/A/libvDSP.dylib
0x00007ff81baf6000 	/System/Library/Frameworks/Accelerate.framework/Versions/A/Frameworks/vecLib.framework/Versions/A/libBLAS.dylib
0x00007ff827a94000 	/System/Library/Frameworks/Accelerate.framework/Versions/A/Frameworks/vecLib.framework/Versions/A/libLAPACK.dylib
0x00007ff826c5c000 	/System/Library/Frameworks/Accelerate.framework/Versions/A/Frameworks/vecLib.framework/Versions/A/libLinearAlgebra.dylib
0x00007ff82799b000 	/System/Library/Frameworks/Accelerate.framework/Versions/A/Frameworks/vecLib.framework/Versions/A/libSparseBLAS.dylib
0x00007ff827a8e000 	/System/Library/Frameworks/Accelerate.framework/Versions/A/Frameworks/vecLib.framework/Versions/A/libQuadrature.dylib
0x00007ff825d99000 	/System/Library/Frameworks/Accelerate.framework/Versions/A/Frameworks/vecLib.framework/Versions/A/libBNNS.dylib
0x00007ff81bd1c000 	/System/Library/Frameworks/Accelerate.framework/Versions/A/Frameworks/vecLib.framework/Versions/A/libSparse.dylib
0x00007ffb2625e000 	/System/Library/PrivateFrameworks/MIL.framework/Versions/A/MIL
0x00007ff82776b000 	/usr/lib/libiconv.2.dylib
0x00007ff8276be000 	/usr/lib/libcharset.1.dylib
0x00007ff82369d000 	/System/Library/Frameworks/OpenDirectory.framework/Versions/A/Frameworks/CFOpenDirectory.framework/Versions/A/CFOpenDirectory
0x00007ff823691000 	/System/Library/Frameworks/OpenDirectory.framework/Versions/A/OpenDirectory
0x00007ff828e96000 	/System/Library/PrivateFrameworks/APFS.framework/Versions/A/APFS
0x00007ff826b0d000 	/System/Library/Frameworks/SecurityFoundation.framework/Versions/A/SecurityFoundation
0x00007ff828f14000 	/usr/lib/libutil.dylib
0x00007ffb251d2000 	/System/Library/PrivateFrameworks/InstalledContentLibrary.framework/Versions/A/InstalledContentLibrary
0x00007ff81e170000 	/System/Library/PrivateFrameworks/CoreServicesStore.framework/Versions/A/CoreServicesStore
0x00007ffb1c1b5000 	/System/Library/PrivateFrameworks/AppleMobileFileIntegrity.framework/Versions/A/AppleMobileFileIntegrity
0x00007ff91fbdb000 	/usr/lib/libmis.dylib
0x00007ff92e44f000 	/System/Library/PrivateFrameworks/MobileSystemServices.framework/Versions/A/MobileSystemServices
0x00007ffa2a06f000 	/System/Library/PrivateFrameworks/ConfigProfileHelper.framework/Versions/A/ConfigProfileHelper
0x00007ff82795e000 	/System/Library/PrivateFrameworks/AppleSauce.framework/Versions/A/AppleSauce
0x00007ff81ca2d000 	/System/Library/PrivateFrameworks/LanguageModeling.framework/Versions/A/LanguageModeling
0x00007ff828f18000 	/usr/lib/libxslt.1.dylib
0x00007ff82785d000 	/usr/lib/libcmph.dylib
0x00007ff8268ce000 	/System/Library/PrivateFrameworks/CoreEmoji.framework/Versions/A/CoreEmoji
0x00007ff825d94000 	/System/Library/PrivateFrameworks/LinguisticData.framework/Versions/A/LinguisticData
0x00007ff81bcd3000 	/System/Library/PrivateFrameworks/Lexicon.framework/Versions/A/Lexicon
0x00007ff826b9b000 	/System/Library/PrivateFrameworks/BackgroundTaskManagement.framework/Versions/A/BackgroundTaskManagement
0x00007ffb39f25000 	/usr/lib/libTLE.dylib
0x00007ffc1af2a000 	/usr/lib/swift/libswift_RegexParser.dylib
0x00007ff829d38000 	/System/Library/PrivateFrameworks/AppleJPEG.framework/Versions/A/AppleJPEG
0x00007ff829484000 	/usr/lib/libexpat.1.dylib
0x00007ff82a408000 	/System/Library/Frameworks/ImageIO.framework/Versions/A/Resources/libPng.dylib
0x00007ff82a435000 	/System/Library/Frameworks/ImageIO.framework/Versions/A/Resources/libTIFF.dylib
0x00007ff82a525000 	/System/Library/Frameworks/ImageIO.framework/Versions/A/Resources/libGIF.dylib
0x00007ff829d83000 	/System/Library/Frameworks/ImageIO.framework/Versions/A/Resources/libJP2.dylib
0x00007ff82a4c5000 	/System/Library/Frameworks/ImageIO.framework/Versions/A/Resources/libJPEG.dylib
0x00007ff82a4bc000 	/System/Library/Frameworks/ImageIO.framework/Versions/A/Resources/libRadiance.dylib
0x00007ff8250b5000 	/System/Library/PrivateFrameworks/FontServices.framework/libFontParser.dylib
0x00007ff821741000 	/System/Library/PrivateFrameworks/RunningBoardServices.framework/Versions/A/RunningBoardServices
0x00007ff8352f6000 	/System/Library/PrivateFrameworks/IOSurfaceAccelerator.framework/Versions/A/IOSurfaceAccelerator
0x00007ff829e6a000 	/System/Library/PrivateFrameworks/WatchdogClient.framework/Versions/A/WatchdogClient
0x00007ff81cb93000 	/System/Library/Frameworks/CoreDisplay.framework/Versions/A/CoreDisplay
0x00007ff824fa4000 	/System/Library/Frameworks/CoreMedia.framework/Versions/A/CoreMedia
0x00007ff824d8c000 	/System/Library/PrivateFrameworks/IOAccelerator.framework/Versions/A/IOAccelerator
0x00007ff823817000 	/System/Library/Frameworks/CoreVideo.framework/Versions/A/CoreVideo
0x00007ff8279ae000 	/System/Library/Frameworks/MetalPerformanceShaders.framework/Versions/A/MetalPerformanceShaders
0x00007ff829ea9000 	/System/Library/Frameworks/VideoToolbox.framework/Versions/A/VideoToolbox
0x00007ff82167f000 	/System/Library/PrivateFrameworks/BaseBoard.framework/Versions/A/BaseBoard
0x00007ff82a4b5000 	/System/Library/PrivateFrameworks/GPUWrangler.framework/Versions/A/GPUWrangler
0x00007ff82a499000 	/System/Library/PrivateFrameworks/IOPresentment.framework/Versions/A/IOPresentment
0x00007ff82a4bf000 	/System/Library/PrivateFrameworks/DSExternalDisplay.framework/Versions/A/DSExternalDisplay
0x00007ffb21738000 	/System/Library/PrivateFrameworks/GPUCompiler.framework/Versions/31001/Libraries/libllvm-flatbuffers.dylib
0x00007ffa3273d000 	/System/Library/Frameworks/OpenGL.framework/Versions/A/Libraries/libCoreFSCache.dylib
0x00007ffb21734000 	/System/Library/PrivateFrameworks/GPUCompiler.framework/Versions/31001/Libraries/libGPUCompilerUtils.dylib
0x00007ff82a52b000 	/System/Library/PrivateFrameworks/CMCaptureCore.framework/Versions/A/CMCaptureCore
0x00007ffa363f0000 	/System/Library/Frameworks/ExtensionFoundation.framework/Versions/A/ExtensionFoundation
0x00007ff830f9c000 	/System/Library/PrivateFrameworks/CoreTime.framework/Versions/A/CoreTime
0x00007ff829a3d000 	/System/Library/PrivateFrameworks/AppServerSupport.framework/Versions/A/AppServerSupport
0x00007ff82bdc0000 	/System/Library/PrivateFrameworks/perfdata.framework/Versions/A/perfdata
0x00007ff81ccbf000 	/System/Library/PrivateFrameworks/AudioToolboxCore.framework/Versions/A/AudioToolboxCore
0x00007ff824f7f000 	/System/Library/PrivateFrameworks/caulk.framework/Versions/A/caulk
0x00007ff82b69d000 	/usr/lib/libAudioStatistics.dylib
0x00007ff91f081000 	/System/Library/PrivateFrameworks/SystemPolicy.framework/Versions/A/SystemPolicy
0x00007ff82b936000 	/usr/lib/libSMC.dylib
0x00007ff834aea000 	/System/Library/Frameworks/CoreMIDI.framework/Versions/A/CoreMIDI
0x00007ff82a3d6000 	/usr/lib/libAudioToolboxUtility.dylib
0x00007ff83a481000 	/System/Library/PrivateFrameworks/OSAServicesClient.framework/Versions/A/OSAServicesClient
0x00007ff82bdcd000 	/usr/lib/libperfcheck.dylib
0x00007ff829364000 	/System/Library/PrivateFrameworks/PlugInKit.framework/Versions/A/PlugInKit
0x00007ff826b00000 	/System/Library/PrivateFrameworks/AssertionServices.framework/Versions/A/AssertionServices
0x00007ffa3279a000 	/System/Library/Frameworks/OpenGL.framework/Versions/A/Libraries/libGLU.dylib
0x00007ffa3275c000 	/System/Library/Frameworks/OpenGL.framework/Versions/A/Libraries/libGFXShared.dylib
0x00007ffa3295b000 	/System/Library/Frameworks/OpenGL.framework/Versions/A/Libraries/libGL.dylib
0x00007ffa32765000 	/System/Library/Frameworks/OpenGL.framework/Versions/A/Libraries/libGLImage.dylib
0x00007ffa32759000 	/System/Library/Frameworks/OpenGL.framework/Versions/A/Libraries/libCVMSPluginSupport.dylib
0x00007ffb39f04000 	/usr/lib/libRosetta.dylib
0x00007ffa32744000 	/System/Library/Frameworks/OpenGL.framework/Versions/A/Libraries/libCoreVMClient.dylib
0x00007ff825c22000 	/System/Library/Frameworks/MetalPerformanceShaders.framework/Versions/A/Frameworks/MPSCore.framework/Versions/A/MPSCore
0x00007ff827200000 	/System/Library/Frameworks/MetalPerformanceShaders.framework/Versions/A/Frameworks/MPSImage.framework/Versions/A/MPSImage
0x00007ff826c72000 	/System/Library/Frameworks/MetalPerformanceShaders.framework/Versions/A/Frameworks/MPSNeuralNetwork.framework/Versions/A/MPSNeuralNetwork
0x00007ff8270e3000 	/System/Library/Frameworks/MetalPerformanceShaders.framework/Versions/A/Frameworks/MPSMatrix.framework/Versions/A/MPSMatrix
0x00007ff826e9f000 	/System/Library/Frameworks/MetalPerformanceShaders.framework/Versions/A/Frameworks/MPSRayIntersector.framework/Versions/A/MPSRayIntersector
0x00007ff82711f000 	/System/Library/Frameworks/MetalPerformanceShaders.framework/Versions/A/Frameworks/MPSNDArray.framework/Versions/A/MPSNDArray
0x00007ffa377c0000 	/System/Library/Frameworks/MetalPerformanceShaders.framework/Versions/A/Frameworks/MPSFunctions.framework/Versions/A/MPSFunctions
0x00007ff81b9b6000 	/System/Library/PrivateFrameworks/MetalTools.framework/Versions/A/MetalTools
0x00007ff825cac000 	/System/Library/PrivateFrameworks/AggregateDictionary.framework/Versions/A/AggregateDictionary
0x00007ff82921a000 	/usr/lib/libIOReport.dylib
0x00007ffb29b25000 	/System/Library/PrivateFrameworks/PhotosensitivityProcessing.framework/Versions/A/PhotosensitivityProcessing
0x00007ffa33420000 	/System/Library/Frameworks/OpenCL.framework/Versions/A/OpenCL
0x00007ff8295cc000 	/System/Library/PrivateFrameworks/GraphVisualizer.framework/Versions/A/GraphVisualizer
0x00007ffb2164d000 	/System/Library/PrivateFrameworks/FontServices.framework/Versions/A/FontServices
0x00007ff8299f8000 	/System/Library/PrivateFrameworks/OTSVG.framework/Versions/A/OTSVG
0x00007ff8233e0000 	/System/Library/Frameworks/ApplicationServices.framework/Versions/A/Frameworks/ATS.framework/Versions/A/Resources/libFontRegistry.dylib
0x00007ff829a47000 	/System/Library/PrivateFrameworks/FontServices.framework/libhvf.dylib
0x00007ffb2164e000 	/System/Library/PrivateFrameworks/FontServices.framework/libXTFontStaticRegistryData.dylib
0x00007ffb33176000 	/System/Library/PrivateFrameworks/VideoToolboxParavirtualizationSupport.framework/Versions/A/VideoToolboxParavirtualizationSupport
0x00007ff829434000 	/System/Library/PrivateFrameworks/AppleVA.framework/Versions/A/AppleVA
0x00007ff82b6dd000 	/System/Library/Frameworks/ApplicationServices.framework/Versions/A/Frameworks/ATS.framework/Versions/A/ATS
0x00007ff820af6000 	/System/Library/Frameworks/ApplicationServices.framework/Versions/A/Frameworks/HIServices.framework/Versions/A/HIServices
0x00007ff82a537000 	/System/Library/Frameworks/ApplicationServices.framework/Versions/A/Frameworks/PrintCore.framework/Versions/A/PrintCore
0x00007ff82ba8c000 	/System/Library/Frameworks/ApplicationServices.framework/Versions/A/Frameworks/QD.framework/Versions/A/QD
0x00007ff82ba84000 	/System/Library/Frameworks/ApplicationServices.framework/Versions/A/Frameworks/ColorSyncLegacy.framework/Versions/A/ColorSyncLegacy
0x00007ff82b6b1000 	/System/Library/Frameworks/ApplicationServices.framework/Versions/A/Frameworks/SpeechSynthesis.framework/Versions/A/SpeechSynthesis
0x00007ff82a4f5000 	/System/Library/Frameworks/ApplicationServices.framework/Versions/A/Frameworks/ATSUI.framework/Versions/A/ATSUI
0x00007ff82ba16000 	/usr/lib/libcups.2.dylib
0x00007ff82bddc000 	/System/Library/Frameworks/Kerberos.framework/Versions/A/Kerberos
0x00007ff82bdeb000 	/System/Library/Frameworks/GSS.framework/Versions/A/GSS
0x00007ff82b74b000 	/usr/lib/libresolv.9.dylib
0x00007ff829a57000 	/System/Library/PrivateFrameworks/Heimdal.framework/Versions/A/Heimdal
0x00007ff832cdf000 	/System/Library/Frameworks/Kerberos.framework/Versions/A/Libraries/libHeimdalProxy.dylib
0x00007ff82be36000 	/System/Library/PrivateFrameworks/CommonAuth.framework/Versions/A/CommonAuth
0x00007ffa356a0000 	/System/Library/Frameworks/AVFAudio.framework/Versions/A/AVFAudio
0x00007ff83a4ca000 	/System/Library/PrivateFrameworks/AXCoreUtilities.framework/Versions/A/AXCoreUtilities
0x00007ff82b62f000 	/System/Library/PrivateFrameworks/AudioSession.framework/Versions/A/AudioSession
0x00007ff82cc28000 	/System/Library/Frameworks/IOBluetooth.framework/Versions/A/IOBluetooth
0x00007ff82953a000 	/System/Library/PrivateFrameworks/MediaExperience.framework/Versions/A/MediaExperience
0x00007ff82b4d9000 	/System/Library/PrivateFrameworks/AudioSession.framework/libSessionUtility.dylib
0x00007ff82ba98000 	/System/Library/PrivateFrameworks/AudioResourceArbitration.framework/Versions/A/AudioResourceArbitration
0x00007ff82fbb6000 	/System/Library/PrivateFrameworks/PowerLog.framework/Versions/A/PowerLog
0x00007ff82faf6000 	/System/Library/Frameworks/CoreBluetooth.framework/Versions/A/CoreBluetooth
0x00007ff832ce0000 	/System/Library/Frameworks/AudioUnit.framework/Versions/A/AudioUnit
0x00007ff82696a000 	/System/Library/PrivateFrameworks/CoreUtils.framework/Versions/A/CoreUtils
0x00007ffb2011b000 	/System/Library/PrivateFrameworks/CoreUtilsExtras.framework/Versions/A/CoreUtilsExtras
0x00007ffb25061000 	/System/Library/PrivateFrameworks/IO80211.framework/Versions/A/IO80211
0x00007ff8294a8000 	/System/Library/PrivateFrameworks/IconFoundation.framework/Versions/A/IconFoundation
0x00007ff82ebae000 	/System/Library/PrivateFrameworks/SpeechRecognitionCore.framework/Versions/A/SpeechRecognitionCore
0x000000010c749000 	/Applications/SpringToolSuite4.app/Contents/Eclipse/plugins/org.eclipse.justj.openjdk.hotspot.jre.full.macosx.x86_64_17.0.5.v20221102-0933/jre/lib/server/libjvm.dylib
0x000000010b654000 	/Applications/SpringToolSuite4.app/Contents/Eclipse/plugins/org.eclipse.justj.openjdk.hotspot.jre.full.macosx.x86_64_17.0.5.v20221102-0933/jre/lib/libjimage.dylib
0x000000010b6b1000 	/Applications/SpringToolSuite4.app/Contents/Eclipse/plugins/org.eclipse.justj.openjdk.hotspot.jre.full.macosx.x86_64_17.0.5.v20221102-0933/jre/lib/libjdwp.dylib
0x000000010b75d000 	/Applications/SpringToolSuite4.app/Contents/Eclipse/plugins/org.eclipse.justj.openjdk.hotspot.jre.full.macosx.x86_64_17.0.5.v20221102-0933/jre/lib/libjava.dylib
0x000000010b66f000 	/Applications/SpringToolSuite4.app/Contents/Eclipse/plugins/org.eclipse.justj.openjdk.hotspot.jre.full.macosx.x86_64_17.0.5.v20221102-0933/jre/lib/libinstrument.dylib
0x000000010c0c7000 	/Applications/SpringToolSuite4.app/Contents/Eclipse/plugins/org.eclipse.justj.openjdk.hotspot.jre.full.macosx.x86_64_17.0.5.v20221102-0933/jre/lib/libzip.dylib
0x000000010c208000 	/Applications/SpringToolSuite4.app/Contents/Eclipse/plugins/org.eclipse.justj.openjdk.hotspot.jre.full.macosx.x86_64_17.0.5.v20221102-0933/jre/lib/libdt_socket.dylib
0x000000010c252000 	/Applications/SpringToolSuite4.app/Contents/Eclipse/plugins/org.eclipse.justj.openjdk.hotspot.jre.full.macosx.x86_64_17.0.5.v20221102-0933/jre/lib/libnio.dylib
0x000000010c29e000 	/Applications/SpringToolSuite4.app/Contents/Eclipse/plugins/org.eclipse.justj.openjdk.hotspot.jre.full.macosx.x86_64_17.0.5.v20221102-0933/jre/lib/libnet.dylib
0x000000010c394000 	/Applications/SpringToolSuite4.app/Contents/Eclipse/plugins/org.eclipse.justj.openjdk.hotspot.jre.full.macosx.x86_64_17.0.5.v20221102-0933/jre/lib/libmanagement.dylib
0x000000010c3b3000 	/Applications/SpringToolSuite4.app/Contents/Eclipse/plugins/org.eclipse.justj.openjdk.hotspot.jre.full.macosx.x86_64_17.0.5.v20221102-0933/jre/lib/libmanagement_ext.dylib
0x000000010c52f000 	/Applications/SpringToolSuite4.app/Contents/Eclipse/plugins/org.eclipse.justj.openjdk.hotspot.jre.full.macosx.x86_64_17.0.5.v20221102-0933/jre/lib/libextnet.dylib
0x000000010c545000 	/Applications/SpringToolSuite4.app/Contents/Eclipse/plugins/org.eclipse.justj.openjdk.hotspot.jre.full.macosx.x86_64_17.0.5.v20221102-0933/jre/lib/libverify.dylib


VM Arguments:
jvm_args: -XX:+ShowCodeDetailsInExceptionMessages -agentlib:jdwp=transport=dt_socket,suspend=y,address=localhost:50552 -Dcom.sun.management.jmxremote -Dcom.sun.management.jmxremote.port=50551 -Dcom.sun.management.jmxremote.authenticate=false -Dcom.sun.management.jmxremote.ssl=false -Djava.rmi.server.hostname=localhost -Dspring.jmx.enabled=true -Dmanagement.endpoints.jmx.exposure.include=* -Dspring.application.admin.enabled=true -Djava.security.egd=file:/dev/./urandom -XX:TieredStopAtLevel=1 -Dspring.boot.project.name=WorkApp -javaagent:/Applications/SpringToolSuite4.app/Contents/Eclipse/configuration/org.eclipse.osgi/259/0/.cp/lib/javaagent-shaded.jar -Dfile.encoding=UTF-8 
java_command: com.example.WorkAppApplication --spring.output.ansi.enabled=always
java_class_path (initial): /Users/inetomeyuukana/Documents/workspace-spring-tool-suite-4-4.17.1.RELEASE/WorkApp/target/classes:/Users/inetomeyuukana/.m2/repository/org/springframework/boot/spring-boot-starter-jdbc/2.4.13/spring-boot-starter-jdbc-2.4.13.jar:/Users/inetomeyuukana/.m2/repository/org/springframework/boot/spring-boot-starter/2.4.13/spring-boot-starter-2.4.13.jar:/Users/inetomeyuukana/.m2/repository/org/springframework/boot/spring-boot-starter-logging/2.4.13/spring-boot-starter-logging-2.4.13.jar:/Users/inetomeyuukana/.m2/repository/ch/qos/logback/logback-classic/1.2.7/logback-classic-1.2.7.jar:/Users/inetomeyuukana/.m2/repository/ch/qos/logback/logback-core/1.2.7/logback-core-1.2.7.jar:/Users/inetomeyuukana/.m2/repository/org/apache/logging/log4j/log4j-to-slf4j/2.13.3/log4j-to-slf4j-2.13.3.jar:/Users/inetomeyuukana/.m2/repository/org/apache/logging/log4j/log4j-api/2.13.3/log4j-api-2.13.3.jar:/Users/inetomeyuukana/.m2/repository/org/slf4j/jul-to-slf4j/1.7.32/jul-to-slf4j-1.7.32.jar:/Users/inetomeyuukana/.m2/repository/jakarta/annotation/jakarta.annotation-api/1.3.5/jakarta.annotation-api-1.3.5.jar:/Users/inetomeyuukana/.m2/repository/org/yaml/snakeyaml/1.27/snakeyaml-1.27.jar:/Users/inetomeyuukana/.m2/repository/com/zaxxer/HikariCP/3.4.5/HikariCP-3.4.5.jar:/Users/inetomeyuukana/.m2/repository/org/springframework/spring-jdbc/5.3.13/spring-jdbc-5.3.13.jar:/Users/inetomeyuukana/.m2/repository/org/springframework/spring-beans/5.3.13/spring-beans-5.3.13.jar:/Users/inetomeyuukana/.m2/repository/org/springframework/spring-tx/5.3.13/spring-tx-5.3.13.jar:/Users/inetomeyuukana/.m2/repository/org/springframework/boot/spring-boot-starter-thymeleaf/2.4.13/spring-boot-starter-thymeleaf-2.4.13.jar:/Users/inetomeyuukana/.m2/repository/org/thymeleaf/thymeleaf-spring5/3.0.12.RELEASE/thymeleaf-spring5-3.0.12.RELEASE.jar:/Users/inetomeyuukana/.m2/repository/org/thymeleaf/extras/thymeleaf-extras-java8time/3.0.4.RELEASE/thymeleaf-extras-java8time-3.0.4.RELEASE.jar:/Users/ine
Launcher Type: SUN_STANDARD

[Global flags]
     intx CICompilerCount                          = 4                                         {product} {ergonomic}
     uint ConcGCThreads                            = 2                                         {product} {ergonomic}
     uint G1ConcRefinementThreads                  = 8                                         {product} {ergonomic}
   size_t G1HeapRegionSize                         = 2097152                                   {product} {ergonomic}
    uintx GCDrainStackTargetSize                   = 64                                        {product} {ergonomic}
   size_t InitialHeapSize                          = 268435456                                 {product} {ergonomic}
     bool ManagementServer                         = true                                      {product} {command line}
   size_t MarkStackSize                            = 4194304                                   {product} {ergonomic}
   size_t MaxHeapSize                              = 4294967296                                {product} {ergonomic}
   size_t MaxNewSize                               = 2575302656                                {product} {ergonomic}
   size_t MinHeapDeltaBytes                        = 2097152                                   {product} {ergonomic}
   size_t MinHeapSize                              = 8388608                                   {product} {ergonomic}
    uintx NonProfiledCodeHeapSize                  = 0                                      {pd product} {ergonomic}
     bool ProfileInterpreter                       = false                                  {pd product} {command line}
    uintx ProfiledCodeHeapSize                     = 0                                      {pd product} {ergonomic}
     bool ShowCodeDetailsInExceptionMessages       = true                                   {manageable} {command line}
   size_t SoftMaxHeapSize                          = 4294967296                             {manageable} {ergonomic}
     intx TieredStopAtLevel                        = 1                                         {product} {command line}
     bool UseCompressedClassPointers               = true                           {product lp64_product} {ergonomic}
     bool UseCompressedOops                        = true                           {product lp64_product} {ergonomic}
     bool UseG1GC                                  = true                                      {product} {ergonomic}
     bool UseNUMA                                  = false                                     {product} {ergonomic}
     bool UseNUMAInterleaving                      = false                                     {product} {ergonomic}

Logging:
Log output configuration:
 #0: stdout all=warning uptime,level,tags
 #1: stderr all=off uptime,level,tags

Environment Variables:
PATH=/usr/bin:/bin:/usr/sbin:/sbin
SHELL=/bin/zsh
TMPDIR=/var/folders/pd/ckph2vcn5pl_zchw4s1q6yy80000gn/T/

Signal Handlers:
   SIGSEGV: crash_handler in libjvm.dylib, mask=11100110100111111111111111111111, flags=SA_RESTART|SA_SIGINFO
    SIGBUS: crash_handler in libjvm.dylib, mask=11100110100111111111111111111111, flags=SA_RESTART|SA_SIGINFO
    SIGFPE: crash_handler in libjvm.dylib, mask=11100110100111111111111111111111, flags=SA_RESTART|SA_SIGINFO
   SIGPIPE: javaSignalHandler in libjvm.dylib, mask=11100110100111111111111111111111, flags=SA_RESTART|SA_SIGINFO
   SIGXFSZ: javaSignalHandler in libjvm.dylib, mask=11100110100111111111111111111111, flags=SA_RESTART|SA_SIGINFO
    SIGILL: crash_handler in libjvm.dylib, mask=11100110100111111111111111111111, flags=SA_RESTART|SA_SIGINFO
   SIGUSR2: SR_handler in libjvm.dylib, mask=00100000000000000000000000000000, flags=SA_RESTART|SA_SIGINFO
    SIGHUP: UserHandler in libjvm.dylib, mask=11100110100111111111111111111111, flags=SA_RESTART|SA_SIGINFO
    SIGINT: UserHandler in libjvm.dylib, mask=11100110100111111111111111111111, flags=SA_RESTART|SA_SIGINFO
   SIGTERM: UserHandler in libjvm.dylib, mask=11100110100111111111111111111111, flags=SA_RESTART|SA_SIGINFO
   SIGQUIT: UserHandler in libjvm.dylib, mask=11100110100111111111111111111111, flags=SA_RESTART|SA_SIGINFO
  *** Handler was modified!
  *** Expected: javaSignalHandler in libjvm.dylib, mask=11100110100111111111111111111111, flags=SA_RESTART|SA_SIGINFO
   SIGTRAP: crash_handler in libjvm.dylib, mask=11100110100111111111111111111111, flags=SA_RESTART|SA_SIGINFO


---------------  S Y S T E M  ---------------

OS:
uname: Darwin 22.4.0 Darwin Kernel Version 22.4.0: Mon Mar  6 21:00:41 PST 2023; root:xnu-8796.101.5~3/RELEASE_ARM64_T8103 x86_64
OS uptime: 0 days 1:35 hours
rlimit (soft/hard): STACK 8176k/65520k , CORE 0k/infinity , NPROC 2666/4000 , NOFILE 10240/infinity , AS infinity/infinity , CPU infinity/infinity , DATA infinity/infinity , FSIZE infinity/infinity , MEMLOCK infinity/infinity , RSS infinity/infinity
load average: 1.70 1.46 1.48

CPU: (EMULATED) total 8 (initial active 8) (1 cores per cpu, 1 threads per core) family 6 model 44 stepping 0 microcode 0x0, cx8, cmov, fxsr, mmx, sse, sse2, sse3, ssse3, sse4.1, sse4.2, popcnt, tsc, tscinvbit, aes, clmul, clflush

Memory: 4k page, physical 16777216k(21816k free), swap 0k(0k free)

vm_info: OpenJDK 64-Bit Server VM (17.0.5+8) for bsd-amd64 JRE (17.0.5+8), built on Oct 19 2022 04:30:55 by "temurin" with clang 4.2.1 Compatible Apple LLVM 10.0.1 (clang-1001.0.46.4)

END.
